2024-06-18 13:06:26,070 INFO: Loading model from /Users/ikedatoshihiko/workspace/btctrading_wk/offline/btctrading_offline_ver2_0/AI_DayTrading/data/data_rolling/mix_upper_mlts_BTCUSDT_60_model.keras
2024-06-18 13:06:29,112 INFO: Loading scaler from /Users/ikedatoshihiko/workspace/btctrading_wk/offline/btctrading_offline_ver2_0/AI_DayTrading/data/data_rolling/mix_upper_mlts_BTCUSDT_60_model.scaler
2024-06-18 13:06:29,114 INFO: Loading model from /Users/ikedatoshihiko/workspace/btctrading_wk/offline/btctrading_offline_ver2_0/AI_DayTrading/data/data_rolling/mix_lower_mlts_BTCUSDT_60_model.keras
2024-06-18 13:06:31,564 INFO: Loading scaler from /Users/ikedatoshihiko/workspace/btctrading_wk/offline/btctrading_offline_ver2_0/AI_DayTrading/data/data_rolling/mix_lower_mlts_BTCUSDT_60_model.scaler
2024-06-18 13:10:37,135 INFO: Loading model from /Users/ikedatoshihiko/workspace/btctrading_wk/offline/btctrading_offline_ver2_0/AI_DayTrading/data/data_rolling/mix_upper_mlts_BTCUSDT_60_model.keras
2024-06-18 13:10:40,571 INFO: Loading scaler from /Users/ikedatoshihiko/workspace/btctrading_wk/offline/btctrading_offline_ver2_0/AI_DayTrading/data/data_rolling/mix_upper_mlts_BTCUSDT_60_model.scaler
2024-06-18 13:10:40,573 INFO: Loading model from /Users/ikedatoshihiko/workspace/btctrading_wk/offline/btctrading_offline_ver2_0/AI_DayTrading/data/data_rolling/mix_lower_mlts_BTCUSDT_60_model.keras
2024-06-18 13:10:43,437 INFO: Loading scaler from /Users/ikedatoshihiko/workspace/btctrading_wk/offline/btctrading_offline_ver2_0/AI_DayTrading/data/data_rolling/mix_lower_mlts_BTCUSDT_60_model.scaler
2024-06-18 13:16:11,188 INFO: Loading model from /Users/ikedatoshihiko/workspace/btctrading_wk/offline/btctrading_offline_ver2_0/AI_DayTrading/data/data_rolling/mix_upper_mlts_BTCUSDT_60_model.keras
2024-06-18 13:16:13,899 INFO: Loading scaler from /Users/ikedatoshihiko/workspace/btctrading_wk/offline/btctrading_offline_ver2_0/AI_DayTrading/data/data_rolling/mix_upper_mlts_BTCUSDT_60_model.scaler
2024-06-18 13:16:13,900 INFO: Loading model from /Users/ikedatoshihiko/workspace/btctrading_wk/offline/btctrading_offline_ver2_0/AI_DayTrading/data/data_rolling/mix_lower_mlts_BTCUSDT_60_model.keras
2024-06-18 13:16:16,544 INFO: Loading scaler from /Users/ikedatoshihiko/workspace/btctrading_wk/offline/btctrading_offline_ver2_0/AI_DayTrading/data/data_rolling/mix_lower_mlts_BTCUSDT_60_model.scaler
2024-06-18 13:18:43,358 INFO: Loading model from /Users/ikedatoshihiko/workspace/btctrading_wk/offline/btctrading_offline_ver2_0/AI_DayTrading/data/data_rolling/mix_upper_mlts_BTCUSDT_60_model.keras
2024-06-18 13:18:47,196 INFO: Loading scaler from /Users/ikedatoshihiko/workspace/btctrading_wk/offline/btctrading_offline_ver2_0/AI_DayTrading/data/data_rolling/mix_upper_mlts_BTCUSDT_60_model.scaler
2024-06-18 13:18:47,198 INFO: Loading model from /Users/ikedatoshihiko/workspace/btctrading_wk/offline/btctrading_offline_ver2_0/AI_DayTrading/data/data_rolling/mix_lower_mlts_BTCUSDT_60_model.keras
2024-06-18 13:18:50,907 INFO: Loading scaler from /Users/ikedatoshihiko/workspace/btctrading_wk/offline/btctrading_offline_ver2_0/AI_DayTrading/data/data_rolling/mix_lower_mlts_BTCUSDT_60_model.scaler
2024-06-18 13:22:37,529 INFO: Loading model from /Users/ikedatoshihiko/workspace/btctrading_wk/offline/btctrading_offline_ver2_0/AI_DayTrading/data/data_rolling/mix_upper_mlts_BTCUSDT_60_model.keras
2024-06-18 13:22:40,752 INFO: Loading scaler from /Users/ikedatoshihiko/workspace/btctrading_wk/offline/btctrading_offline_ver2_0/AI_DayTrading/data/data_rolling/mix_upper_mlts_BTCUSDT_60_model.scaler
2024-06-18 13:22:40,754 INFO: Loading model from /Users/ikedatoshihiko/workspace/btctrading_wk/offline/btctrading_offline_ver2_0/AI_DayTrading/data/data_rolling/mix_lower_mlts_BTCUSDT_60_model.keras
2024-06-18 13:22:43,587 INFO: Loading scaler from /Users/ikedatoshihiko/workspace/btctrading_wk/offline/btctrading_offline_ver2_0/AI_DayTrading/data/data_rolling/mix_lower_mlts_BTCUSDT_60_model.scaler
2024-06-18 13:27:34,792 INFO: Loading model from /Users/ikedatoshihiko/workspace/btctrading_wk/offline/btctrading_offline_ver2_0/AI_DayTrading/data/data_rolling/mix_upper_mlts_BTCUSDT_60_model.keras
2024-06-18 13:27:37,600 INFO: Loading scaler from /Users/ikedatoshihiko/workspace/btctrading_wk/offline/btctrading_offline_ver2_0/AI_DayTrading/data/data_rolling/mix_upper_mlts_BTCUSDT_60_model.scaler
2024-06-18 13:27:37,602 INFO: Loading model from /Users/ikedatoshihiko/workspace/btctrading_wk/offline/btctrading_offline_ver2_0/AI_DayTrading/data/data_rolling/mix_lower_mlts_BTCUSDT_60_model.keras
2024-06-18 13:27:40,278 INFO: Loading scaler from /Users/ikedatoshihiko/workspace/btctrading_wk/offline/btctrading_offline_ver2_0/AI_DayTrading/data/data_rolling/mix_lower_mlts_BTCUSDT_60_model.scaler
2024-06-18 13:46:34,829 INFO: Loading model from /Users/ikedatoshihiko/workspace/btctrading_wk/offline/btctrading_offline_ver2_0/AI_DayTrading/data/data_rolling/mix_upper_mlts_BTCUSDT_60_model.keras
2024-06-18 13:46:37,906 INFO: Loading scaler from /Users/ikedatoshihiko/workspace/btctrading_wk/offline/btctrading_offline_ver2_0/AI_DayTrading/data/data_rolling/mix_upper_mlts_BTCUSDT_60_model.scaler
2024-06-18 13:46:37,907 INFO: Loading model from /Users/ikedatoshihiko/workspace/btctrading_wk/offline/btctrading_offline_ver2_0/AI_DayTrading/data/data_rolling/mix_lower_mlts_BTCUSDT_60_model.keras
2024-06-18 13:46:40,641 INFO: Loading scaler from /Users/ikedatoshihiko/workspace/btctrading_wk/offline/btctrading_offline_ver2_0/AI_DayTrading/data/data_rolling/mix_lower_mlts_BTCUSDT_60_model.scaler
2024-06-19 16:40:52,304 INFO: Loading model from /Users/ikedatoshihiko/workspace/btctrading_wk/offline/btctrading_offline_ver2_0/AI_DayTrading/data/data_rolling/mix_upper_mlts_BTCUSDT_60_model.keras
2024-06-19 16:41:00,464 INFO: Loading scaler from /Users/ikedatoshihiko/workspace/btctrading_wk/offline/btctrading_offline_ver2_0/AI_DayTrading/data/data_rolling/mix_upper_mlts_BTCUSDT_60_model.scaler
2024-06-19 16:41:00,473 INFO: Loading model from /Users/ikedatoshihiko/workspace/btctrading_wk/offline/btctrading_offline_ver2_0/AI_DayTrading/data/data_rolling/mix_lower_mlts_BTCUSDT_60_model.keras
2024-06-19 16:41:05,907 INFO: Loading scaler from /Users/ikedatoshihiko/workspace/btctrading_wk/offline/btctrading_offline_ver2_0/AI_DayTrading/data/data_rolling/mix_lower_mlts_BTCUSDT_60_model.scaler
2024-06-19 16:48:14,902 INFO: Loading model from /Users/ikedatoshihiko/workspace/btctrading_wk/offline/btctrading_offline_ver2_0/AI_DayTrading/data/data_rolling/mix_upper_mlts_BTCUSDT_60_model.keras
2024-06-19 16:48:17,858 INFO: Loading scaler from /Users/ikedatoshihiko/workspace/btctrading_wk/offline/btctrading_offline_ver2_0/AI_DayTrading/data/data_rolling/mix_upper_mlts_BTCUSDT_60_model.scaler
2024-06-19 16:48:17,859 INFO: Loading model from /Users/ikedatoshihiko/workspace/btctrading_wk/offline/btctrading_offline_ver2_0/AI_DayTrading/data/data_rolling/mix_lower_mlts_BTCUSDT_60_model.keras
2024-06-19 16:48:20,420 INFO: Loading scaler from /Users/ikedatoshihiko/workspace/btctrading_wk/offline/btctrading_offline_ver2_0/AI_DayTrading/data/data_rolling/mix_lower_mlts_BTCUSDT_60_model.scaler
2024-06-19 17:01:40,224 INFO: Loading model from /Users/ikedatoshihiko/workspace/btctrading_wk/offline/btctrading_offline_ver2_0/AI_DayTrading/data/data_rolling/mix_upper_mlts_BTCUSDT_60_model.keras
2024-06-19 17:01:43,081 INFO: Loading scaler from /Users/ikedatoshihiko/workspace/btctrading_wk/offline/btctrading_offline_ver2_0/AI_DayTrading/data/data_rolling/mix_upper_mlts_BTCUSDT_60_model.scaler
2024-06-19 17:01:43,084 INFO: Loading model from /Users/ikedatoshihiko/workspace/btctrading_wk/offline/btctrading_offline_ver2_0/AI_DayTrading/data/data_rolling/mix_lower_mlts_BTCUSDT_60_model.keras
2024-06-19 17:01:45,724 INFO: Loading scaler from /Users/ikedatoshihiko/workspace/btctrading_wk/offline/btctrading_offline_ver2_0/AI_DayTrading/data/data_rolling/mix_lower_mlts_BTCUSDT_60_model.scaler
2024-06-20 15:04:02,489 INFO: Loading model from /Users/ikedatoshihiko/workspace/btctrading_wk/offline/btctrading_offline_ver2_0/AI_DayTrading/data/data_rolling/mix_upper_mlts_BTCUSDT_60_model.keras
2024-06-20 15:04:05,966 INFO: Loading scaler from /Users/ikedatoshihiko/workspace/btctrading_wk/offline/btctrading_offline_ver2_0/AI_DayTrading/data/data_rolling/mix_upper_mlts_BTCUSDT_60_model.scaler
2024-06-20 15:04:05,967 INFO: Loading model from /Users/ikedatoshihiko/workspace/btctrading_wk/offline/btctrading_offline_ver2_0/AI_DayTrading/data/data_rolling/mix_lower_mlts_BTCUSDT_60_model.keras
2024-06-20 15:04:08,894 INFO: Loading scaler from /Users/ikedatoshihiko/workspace/btctrading_wk/offline/btctrading_offline_ver2_0/AI_DayTrading/data/data_rolling/mix_lower_mlts_BTCUSDT_60_model.scaler
2024-06-20 15:07:36,580 INFO: Loading model from /Users/ikedatoshihiko/workspace/btctrading_wk/offline/btctrading_offline_ver2_0/AI_DayTrading/data/data_rolling/mix_upper_mlts_BTCUSDT_60_model.keras
2024-06-20 15:07:40,226 INFO: Loading scaler from /Users/ikedatoshihiko/workspace/btctrading_wk/offline/btctrading_offline_ver2_0/AI_DayTrading/data/data_rolling/mix_upper_mlts_BTCUSDT_60_model.scaler
2024-06-20 15:07:40,228 INFO: Loading model from /Users/ikedatoshihiko/workspace/btctrading_wk/offline/btctrading_offline_ver2_0/AI_DayTrading/data/data_rolling/mix_lower_mlts_BTCUSDT_60_model.keras
2024-06-20 15:07:43,628 INFO: Loading scaler from /Users/ikedatoshihiko/workspace/btctrading_wk/offline/btctrading_offline_ver2_0/AI_DayTrading/data/data_rolling/mix_lower_mlts_BTCUSDT_60_model.scaler
2024-06-20 15:27:58,093 INFO: Loading model from /Users/ikedatoshihiko/workspace/btctrading_wk/offline/btctrading_offline_ver2_0/AI_DayTrading/data/data_rolling/mix_upper_mlts_BTCUSDT_60_model.keras
2024-06-20 15:28:10,489 INFO: Loading scaler from /Users/ikedatoshihiko/workspace/btctrading_wk/offline/btctrading_offline_ver2_0/AI_DayTrading/data/data_rolling/mix_upper_mlts_BTCUSDT_60_model.scaler
2024-06-20 15:28:10,495 INFO: Loading model from /Users/ikedatoshihiko/workspace/btctrading_wk/offline/btctrading_offline_ver2_0/AI_DayTrading/data/data_rolling/mix_lower_mlts_BTCUSDT_60_model.keras
2024-06-20 15:28:19,551 INFO: Loading scaler from /Users/ikedatoshihiko/workspace/btctrading_wk/offline/btctrading_offline_ver2_0/AI_DayTrading/data/data_rolling/mix_lower_mlts_BTCUSDT_60_model.scaler
2024-06-20 16:54:46,513 INFO: Loading model from /Users/ikedatoshihiko/workspace/btctrading_wk/offline/btctrading_offline_ver2_0/AI_DayTrading/data/data_rolling/mix_upper_mlts_BTCUSDT_60_model.keras
2024-06-20 16:54:49,534 INFO: Loading scaler from /Users/ikedatoshihiko/workspace/btctrading_wk/offline/btctrading_offline_ver2_0/AI_DayTrading/data/data_rolling/mix_upper_mlts_BTCUSDT_60_model.scaler
2024-06-20 16:54:49,536 INFO: Loading model from /Users/ikedatoshihiko/workspace/btctrading_wk/offline/btctrading_offline_ver2_0/AI_DayTrading/data/data_rolling/mix_lower_mlts_BTCUSDT_60_model.keras
2024-06-20 16:54:52,197 INFO: Loading scaler from /Users/ikedatoshihiko/workspace/btctrading_wk/offline/btctrading_offline_ver2_0/AI_DayTrading/data/data_rolling/mix_lower_mlts_BTCUSDT_60_model.scaler
2024-06-20 16:59:59,807 INFO: Loading model from /Users/ikedatoshihiko/workspace/btctrading_wk/offline/btctrading_offline_ver2_0/AI_DayTrading/data/data_rolling/mix_upper_mlts_BTCUSDT_60_model.keras
2024-06-20 17:00:02,754 INFO: Loading scaler from /Users/ikedatoshihiko/workspace/btctrading_wk/offline/btctrading_offline_ver2_0/AI_DayTrading/data/data_rolling/mix_upper_mlts_BTCUSDT_60_model.scaler
2024-06-20 17:00:02,756 INFO: Loading model from /Users/ikedatoshihiko/workspace/btctrading_wk/offline/btctrading_offline_ver2_0/AI_DayTrading/data/data_rolling/mix_lower_mlts_BTCUSDT_60_model.keras
2024-06-20 17:00:05,436 INFO: Loading scaler from /Users/ikedatoshihiko/workspace/btctrading_wk/offline/btctrading_offline_ver2_0/AI_DayTrading/data/data_rolling/mix_lower_mlts_BTCUSDT_60_model.scaler
2024-06-20 17:13:25,084 INFO: Loading model from /Users/ikedatoshihiko/workspace/btctrading_wk/offline/btctrading_offline_ver2_0/AI_DayTrading/data/data_rolling/mix_upper_mlts_BTCUSDT_60_model.keras
2024-06-20 17:13:27,996 INFO: Loading scaler from /Users/ikedatoshihiko/workspace/btctrading_wk/offline/btctrading_offline_ver2_0/AI_DayTrading/data/data_rolling/mix_upper_mlts_BTCUSDT_60_model.scaler
2024-06-20 17:13:27,997 INFO: Loading model from /Users/ikedatoshihiko/workspace/btctrading_wk/offline/btctrading_offline_ver2_0/AI_DayTrading/data/data_rolling/mix_lower_mlts_BTCUSDT_60_model.keras
2024-06-20 17:13:30,668 INFO: Loading scaler from /Users/ikedatoshihiko/workspace/btctrading_wk/offline/btctrading_offline_ver2_0/AI_DayTrading/data/data_rolling/mix_lower_mlts_BTCUSDT_60_model.scaler
2024-06-20 17:20:51,305 INFO: Loading model from /Users/ikedatoshihiko/workspace/btctrading_wk/offline/btctrading_offline_ver2_0/AI_DayTrading/data/data_rolling/mix_upper_mlts_BTCUSDT_60_model.keras
2024-06-20 17:20:55,025 INFO: Loading scaler from /Users/ikedatoshihiko/workspace/btctrading_wk/offline/btctrading_offline_ver2_0/AI_DayTrading/data/data_rolling/mix_upper_mlts_BTCUSDT_60_model.scaler
2024-06-20 17:20:55,027 INFO: Loading model from /Users/ikedatoshihiko/workspace/btctrading_wk/offline/btctrading_offline_ver2_0/AI_DayTrading/data/data_rolling/mix_lower_mlts_BTCUSDT_60_model.keras
2024-06-20 17:20:58,230 INFO: Loading scaler from /Users/ikedatoshihiko/workspace/btctrading_wk/offline/btctrading_offline_ver2_0/AI_DayTrading/data/data_rolling/mix_lower_mlts_BTCUSDT_60_model.scaler
2024-06-20 17:28:59,733 INFO: Loading model from /Users/ikedatoshihiko/workspace/btctrading_wk/offline/btctrading_offline_ver2_0/AI_DayTrading/data/data_rolling/mix_upper_mlts_BTCUSDT_60_model.keras
2024-06-20 17:29:02,558 INFO: Loading scaler from /Users/ikedatoshihiko/workspace/btctrading_wk/offline/btctrading_offline_ver2_0/AI_DayTrading/data/data_rolling/mix_upper_mlts_BTCUSDT_60_model.scaler
2024-06-20 17:29:02,559 INFO: Loading model from /Users/ikedatoshihiko/workspace/btctrading_wk/offline/btctrading_offline_ver2_0/AI_DayTrading/data/data_rolling/mix_lower_mlts_BTCUSDT_60_model.keras
2024-06-20 17:29:05,622 INFO: Loading scaler from /Users/ikedatoshihiko/workspace/btctrading_wk/offline/btctrading_offline_ver2_0/AI_DayTrading/data/data_rolling/mix_lower_mlts_BTCUSDT_60_model.scaler
2024-06-20 19:11:28,328 INFO: Loading model from /Users/ikedatoshihiko/workspace/btctrading_wk/offline/btctrading_offline_ver2_0/AI_DayTrading/data/data_rolling/mix_upper_mlts_BTCUSDT_60_model.keras
2024-06-20 19:11:31,061 INFO: Loading scaler from /Users/ikedatoshihiko/workspace/btctrading_wk/offline/btctrading_offline_ver2_0/AI_DayTrading/data/data_rolling/mix_upper_mlts_BTCUSDT_60_model.scaler
2024-06-20 19:11:31,062 INFO: Loading model from /Users/ikedatoshihiko/workspace/btctrading_wk/offline/btctrading_offline_ver2_0/AI_DayTrading/data/data_rolling/mix_lower_mlts_BTCUSDT_60_model.keras
2024-06-20 19:11:33,840 INFO: Loading scaler from /Users/ikedatoshihiko/workspace/btctrading_wk/offline/btctrading_offline_ver2_0/AI_DayTrading/data/data_rolling/mix_lower_mlts_BTCUSDT_60_model.scaler
2024-06-20 20:26:15,667 INFO: Loading model from /Users/ikedatoshihiko/workspace/btctrading_wk/offline/btctrading_offline_ver2_0/AI_DayTrading/data/data_rolling/mix_upper_mlts_BTCUSDT_60_model.keras
2024-06-20 20:26:18,561 INFO: Loading scaler from /Users/ikedatoshihiko/workspace/btctrading_wk/offline/btctrading_offline_ver2_0/AI_DayTrading/data/data_rolling/mix_upper_mlts_BTCUSDT_60_model.scaler
2024-06-20 20:26:18,563 INFO: Loading model from /Users/ikedatoshihiko/workspace/btctrading_wk/offline/btctrading_offline_ver2_0/AI_DayTrading/data/data_rolling/mix_lower_mlts_BTCUSDT_60_model.keras
2024-06-20 20:26:21,192 INFO: Loading scaler from /Users/ikedatoshihiko/workspace/btctrading_wk/offline/btctrading_offline_ver2_0/AI_DayTrading/data/data_rolling/mix_lower_mlts_BTCUSDT_60_model.scaler
2024-06-20 20:32:38,796 INFO: Loading model from /Users/ikedatoshihiko/workspace/btctrading_wk/offline/btctrading_offline_ver2_0/AI_DayTrading/data/data_rolling/mix_upper_mlts_BTCUSDT_60_model.keras
2024-06-20 20:32:41,654 INFO: Loading scaler from /Users/ikedatoshihiko/workspace/btctrading_wk/offline/btctrading_offline_ver2_0/AI_DayTrading/data/data_rolling/mix_upper_mlts_BTCUSDT_60_model.scaler
2024-06-20 20:32:41,655 INFO: Loading model from /Users/ikedatoshihiko/workspace/btctrading_wk/offline/btctrading_offline_ver2_0/AI_DayTrading/data/data_rolling/mix_lower_mlts_BTCUSDT_60_model.keras
2024-06-20 20:32:44,285 INFO: Loading scaler from /Users/ikedatoshihiko/workspace/btctrading_wk/offline/btctrading_offline_ver2_0/AI_DayTrading/data/data_rolling/mix_lower_mlts_BTCUSDT_60_model.scaler
2024-06-25 20:24:08,156 INFO: Loading model from /home/tikeda/workspace/trade/AI_DayTrading/data/data_rolling/mix_upper_mlts_BTCUSDT_60_model.keras
2024-06-25 20:24:09,215 INFO: Loading scaler from /home/tikeda/workspace/trade/AI_DayTrading/data/data_rolling/mix_upper_mlts_BTCUSDT_60_model.scaler
2024-06-25 20:24:09,216 INFO: Loading model from /home/tikeda/workspace/trade/AI_DayTrading/data/data_rolling/mix_lower_mlts_BTCUSDT_60_model.keras
2024-06-25 20:24:10,037 INFO: Loading scaler from /home/tikeda/workspace/trade/AI_DayTrading/data/data_rolling/mix_lower_mlts_BTCUSDT_60_model.scaler
2024-06-25 20:27:26,658 INFO: Loading model from /home/tikeda/workspace/trade/AI_DayTrading/data/data_rolling/mix_upper_mlts_BTCUSDT_60_model.keras
2024-06-25 20:27:27,733 INFO: Loading scaler from /home/tikeda/workspace/trade/AI_DayTrading/data/data_rolling/mix_upper_mlts_BTCUSDT_60_model.scaler
2024-06-25 20:27:27,733 INFO: Loading model from /home/tikeda/workspace/trade/AI_DayTrading/data/data_rolling/mix_lower_mlts_BTCUSDT_60_model.keras
2024-06-25 20:27:28,551 INFO: Loading scaler from /home/tikeda/workspace/trade/AI_DayTrading/data/data_rolling/mix_lower_mlts_BTCUSDT_60_model.scaler
2024-06-25 20:28:49,333 INFO: Loading model from /home/tikeda/workspace/trade/AI_DayTrading/data/data_rolling/mix_upper_mlts_BTCUSDT_60_model.keras
2024-06-25 20:28:50,411 INFO: Loading scaler from /home/tikeda/workspace/trade/AI_DayTrading/data/data_rolling/mix_upper_mlts_BTCUSDT_60_model.scaler
2024-06-25 20:28:50,411 INFO: Loading model from /home/tikeda/workspace/trade/AI_DayTrading/data/data_rolling/mix_lower_mlts_BTCUSDT_60_model.keras
2024-06-25 20:28:51,262 INFO: Loading scaler from /home/tikeda/workspace/trade/AI_DayTrading/data/data_rolling/mix_lower_mlts_BTCUSDT_60_model.scaler
2024-06-25 20:29:58,652 INFO: Loading model from /home/tikeda/workspace/trade/AI_DayTrading/data/data_rolling/mix_lower_mlts_BTCUSDT_60_model.keras
2024-06-25 20:29:59,691 INFO: Loading scaler from /home/tikeda/workspace/trade/AI_DayTrading/data/data_rolling/mix_lower_mlts_BTCUSDT_60_model.scaler
2024-06-25 20:29:59,691 INFO: Loading model from /home/tikeda/workspace/trade/AI_DayTrading/data/data_rolling/mix_upper_mlts_BTCUSDT_60_model.keras
2024-06-25 20:30:00,509 INFO: Loading scaler from /home/tikeda/workspace/trade/AI_DayTrading/data/data_rolling/mix_upper_mlts_BTCUSDT_60_model.scaler
2024-06-25 20:31:53,560 INFO: Loading model from /home/tikeda/workspace/trade/AI_DayTrading/data/data_rolling/mix_upper_mlts_BTCUSDT_60_model.keras
2024-06-25 20:31:54,610 INFO: Loading scaler from /home/tikeda/workspace/trade/AI_DayTrading/data/data_rolling/mix_upper_mlts_BTCUSDT_60_model.scaler
2024-06-25 20:31:54,610 INFO: Loading model from /home/tikeda/workspace/trade/AI_DayTrading/data/data_rolling/mix_lower_mlts_BTCUSDT_60_model.keras
2024-06-25 20:31:55,405 INFO: Loading scaler from /home/tikeda/workspace/trade/AI_DayTrading/data/data_rolling/mix_lower_mlts_BTCUSDT_60_model.scaler
2024-06-25 20:33:05,119 INFO: Loading model from /home/tikeda/workspace/trade/AI_DayTrading/data/data_rolling/mix_upper_mlts_BTCUSDT_60_model.keras
2024-06-25 20:33:06,183 INFO: Loading scaler from /home/tikeda/workspace/trade/AI_DayTrading/data/data_rolling/mix_upper_mlts_BTCUSDT_60_model.scaler
2024-06-25 20:33:06,183 INFO: Loading model from /home/tikeda/workspace/trade/AI_DayTrading/data/data_rolling/mix_lower_mlts_BTCUSDT_60_model.keras
2024-06-25 20:33:07,008 INFO: Loading scaler from /home/tikeda/workspace/trade/AI_DayTrading/data/data_rolling/mix_lower_mlts_BTCUSDT_60_model.scaler
2024-06-25 20:34:34,696 INFO: Loading model from /home/tikeda/workspace/trade/AI_DayTrading/data/data_rolling/mix_upper_mlts_BTCUSDT_60_model.keras
2024-06-25 20:34:35,786 INFO: Loading scaler from /home/tikeda/workspace/trade/AI_DayTrading/data/data_rolling/mix_upper_mlts_BTCUSDT_60_model.scaler
2024-06-25 20:34:35,787 INFO: Loading model from /home/tikeda/workspace/trade/AI_DayTrading/data/data_rolling/mix_lower_mlts_BTCUSDT_60_model.keras
2024-06-25 20:34:36,617 INFO: Loading scaler from /home/tikeda/workspace/trade/AI_DayTrading/data/data_rolling/mix_lower_mlts_BTCUSDT_60_model.scaler
2024-06-25 20:34:36,626 INFO: 指定された日時範囲のデータが見つかりませんでした。
2024-06-25 20:35:01,009 INFO: Loading model from /home/tikeda/workspace/trade/AI_DayTrading/data/data_rolling/mix_upper_mlts_BTCUSDT_60_model.keras
2024-06-25 20:35:02,092 INFO: Loading scaler from /home/tikeda/workspace/trade/AI_DayTrading/data/data_rolling/mix_upper_mlts_BTCUSDT_60_model.scaler
2024-06-25 20:35:02,092 INFO: Loading model from /home/tikeda/workspace/trade/AI_DayTrading/data/data_rolling/mix_lower_mlts_BTCUSDT_60_model.keras
2024-06-25 20:35:02,949 INFO: Loading scaler from /home/tikeda/workspace/trade/AI_DayTrading/data/data_rolling/mix_lower_mlts_BTCUSDT_60_model.scaler
2024-06-25 21:09:55,929 INFO: Loading model from /home/tikeda/workspace/trade/AI_DayTrading/data/data_rolling/mix_upper_mlts_BTCUSDT_60_model.keras
2024-06-25 21:09:57,001 INFO: Loading scaler from /home/tikeda/workspace/trade/AI_DayTrading/data/data_rolling/mix_upper_mlts_BTCUSDT_60_model.scaler
2024-06-25 21:09:57,001 INFO: Loading model from /home/tikeda/workspace/trade/AI_DayTrading/data/data_rolling/mix_lower_mlts_BTCUSDT_60_model.keras
2024-06-25 21:09:57,814 INFO: Loading scaler from /home/tikeda/workspace/trade/AI_DayTrading/data/data_rolling/mix_lower_mlts_BTCUSDT_60_model.scaler
2024-06-25 21:11:03,804 INFO: Loading model from /home/tikeda/workspace/trade/AI_DayTrading/data/data_rolling/mix_upper_mlts_BTCUSDT_60_model.keras
2024-06-25 21:11:04,900 INFO: Loading scaler from /home/tikeda/workspace/trade/AI_DayTrading/data/data_rolling/mix_upper_mlts_BTCUSDT_60_model.scaler
2024-06-25 21:11:04,901 INFO: Loading model from /home/tikeda/workspace/trade/AI_DayTrading/data/data_rolling/mix_lower_mlts_BTCUSDT_60_model.keras
2024-06-25 21:11:05,740 INFO: Loading scaler from /home/tikeda/workspace/trade/AI_DayTrading/data/data_rolling/mix_lower_mlts_BTCUSDT_60_model.scaler
2024-06-25 21:11:46,214 INFO: Loading model from /home/tikeda/workspace/trade/AI_DayTrading/data/data_rolling/mix_upper_mlts_BTCUSDT_60_model.keras
2024-06-25 21:11:47,340 INFO: Loading scaler from /home/tikeda/workspace/trade/AI_DayTrading/data/data_rolling/mix_upper_mlts_BTCUSDT_60_model.scaler
2024-06-25 21:11:47,340 INFO: Loading model from /home/tikeda/workspace/trade/AI_DayTrading/data/data_rolling/mix_lower_mlts_BTCUSDT_60_model.keras
2024-06-25 21:11:48,161 INFO: Loading scaler from /home/tikeda/workspace/trade/AI_DayTrading/data/data_rolling/mix_lower_mlts_BTCUSDT_60_model.scaler
2024-06-25 21:17:59,989 INFO: Loading model from /home/tikeda/workspace/trade/AI_DayTrading/data/data_rolling/mix_upper_mlts_BTCUSDT_60_model.keras
2024-06-25 21:18:01,064 INFO: Loading scaler from /home/tikeda/workspace/trade/AI_DayTrading/data/data_rolling/mix_upper_mlts_BTCUSDT_60_model.scaler
2024-06-25 21:18:01,064 INFO: Loading model from /home/tikeda/workspace/trade/AI_DayTrading/data/data_rolling/mix_lower_mlts_BTCUSDT_60_model.keras
2024-06-25 21:18:01,896 INFO: Loading scaler from /home/tikeda/workspace/trade/AI_DayTrading/data/data_rolling/mix_lower_mlts_BTCUSDT_60_model.scaler
2024-06-25 21:19:34,310 INFO: Loading model from /home/tikeda/workspace/trade/AI_DayTrading/data/data_rolling/mix_upper_mlts_BTCUSDT_60_model.keras
2024-06-25 21:19:35,380 INFO: Loading scaler from /home/tikeda/workspace/trade/AI_DayTrading/data/data_rolling/mix_upper_mlts_BTCUSDT_60_model.scaler
2024-06-25 21:19:35,380 INFO: Loading model from /home/tikeda/workspace/trade/AI_DayTrading/data/data_rolling/mix_lower_mlts_BTCUSDT_60_model.keras
2024-06-25 21:19:36,197 INFO: Loading scaler from /home/tikeda/workspace/trade/AI_DayTrading/data/data_rolling/mix_lower_mlts_BTCUSDT_60_model.scaler
2024-06-25 21:20:33,570 INFO: Loading model from /home/tikeda/workspace/trade/AI_DayTrading/data/data_rolling/mix_upper_mlts_BTCUSDT_60_model.keras
2024-06-25 21:20:34,682 INFO: Loading scaler from /home/tikeda/workspace/trade/AI_DayTrading/data/data_rolling/mix_upper_mlts_BTCUSDT_60_model.scaler
2024-06-25 21:20:34,683 INFO: Loading model from /home/tikeda/workspace/trade/AI_DayTrading/data/data_rolling/mix_lower_mlts_BTCUSDT_60_model.keras
2024-06-25 21:20:35,516 INFO: Loading scaler from /home/tikeda/workspace/trade/AI_DayTrading/data/data_rolling/mix_lower_mlts_BTCUSDT_60_model.scaler
2024-06-25 21:28:30,392 INFO: Loading model from /home/tikeda/workspace/trade/AI_DayTrading/data/data_rolling/mix_upper_mlts_BTCUSDT_60_model.keras
2024-06-25 21:28:31,431 INFO: Loading scaler from /home/tikeda/workspace/trade/AI_DayTrading/data/data_rolling/mix_upper_mlts_BTCUSDT_60_model.scaler
2024-06-25 21:28:31,431 INFO: Loading model from /home/tikeda/workspace/trade/AI_DayTrading/data/data_rolling/mix_lower_mlts_BTCUSDT_60_model.keras
2024-06-25 21:28:32,251 INFO: Loading scaler from /home/tikeda/workspace/trade/AI_DayTrading/data/data_rolling/mix_lower_mlts_BTCUSDT_60_model.scaler
2024-06-25 21:31:07,608 INFO: Loading model from /home/tikeda/workspace/trade/AI_DayTrading/data/data_rolling/mix_upper_mlts_BTCUSDT_60_model.keras
2024-06-25 21:31:08,664 INFO: Loading scaler from /home/tikeda/workspace/trade/AI_DayTrading/data/data_rolling/mix_upper_mlts_BTCUSDT_60_model.scaler
2024-06-25 21:31:08,664 INFO: Loading model from /home/tikeda/workspace/trade/AI_DayTrading/data/data_rolling/mix_lower_mlts_BTCUSDT_60_model.keras
2024-06-25 21:31:09,488 INFO: Loading scaler from /home/tikeda/workspace/trade/AI_DayTrading/data/data_rolling/mix_lower_mlts_BTCUSDT_60_model.scaler
2024-06-25 21:33:03,828 INFO: Loading model from /home/tikeda/workspace/trade/AI_DayTrading/data/data_rolling/mix_upper_mlts_BTCUSDT_60_model.keras
2024-06-25 21:33:04,912 INFO: Loading scaler from /home/tikeda/workspace/trade/AI_DayTrading/data/data_rolling/mix_upper_mlts_BTCUSDT_60_model.scaler
2024-06-25 21:33:04,912 INFO: Loading model from /home/tikeda/workspace/trade/AI_DayTrading/data/data_rolling/mix_lower_mlts_BTCUSDT_60_model.keras
2024-06-25 21:33:05,760 INFO: Loading scaler from /home/tikeda/workspace/trade/AI_DayTrading/data/data_rolling/mix_lower_mlts_BTCUSDT_60_model.scaler
2024-06-25 21:35:08,540 INFO: Loading model from /home/tikeda/workspace/trade/AI_DayTrading/data/data_rolling/mix_upper_mlts_BTCUSDT_60_model.keras
2024-06-25 21:35:09,638 INFO: Loading scaler from /home/tikeda/workspace/trade/AI_DayTrading/data/data_rolling/mix_upper_mlts_BTCUSDT_60_model.scaler
2024-06-25 21:35:09,638 INFO: Loading model from /home/tikeda/workspace/trade/AI_DayTrading/data/data_rolling/mix_lower_mlts_BTCUSDT_60_model.keras
2024-06-25 21:35:10,462 INFO: Loading scaler from /home/tikeda/workspace/trade/AI_DayTrading/data/data_rolling/mix_lower_mlts_BTCUSDT_60_model.scaler
2024-06-25 21:37:05,170 INFO: Loading model from /home/tikeda/workspace/trade/AI_DayTrading/data/data_rolling/mix_upper_mlts_BTCUSDT_60_model.keras
2024-06-25 21:37:06,262 INFO: Loading scaler from /home/tikeda/workspace/trade/AI_DayTrading/data/data_rolling/mix_upper_mlts_BTCUSDT_60_model.scaler
2024-06-25 21:37:06,263 INFO: Loading model from /home/tikeda/workspace/trade/AI_DayTrading/data/data_rolling/mix_lower_mlts_BTCUSDT_60_model.keras
2024-06-25 21:37:07,116 INFO: Loading scaler from /home/tikeda/workspace/trade/AI_DayTrading/data/data_rolling/mix_lower_mlts_BTCUSDT_60_model.scaler
2024-06-25 21:37:36,774 INFO: Loading model from /home/tikeda/workspace/trade/AI_DayTrading/data/data_rolling/mix_upper_mlts_BTCUSDT_60_model.keras
2024-06-25 21:37:37,872 INFO: Loading scaler from /home/tikeda/workspace/trade/AI_DayTrading/data/data_rolling/mix_upper_mlts_BTCUSDT_60_model.scaler
2024-06-25 21:37:37,872 INFO: Loading model from /home/tikeda/workspace/trade/AI_DayTrading/data/data_rolling/mix_lower_mlts_BTCUSDT_60_model.keras
2024-06-25 21:37:38,684 INFO: Loading scaler from /home/tikeda/workspace/trade/AI_DayTrading/data/data_rolling/mix_lower_mlts_BTCUSDT_60_model.scaler
2024-06-25 21:44:44,078 INFO: Loading model from /home/tikeda/workspace/trade/AI_DayTrading/data/data_rolling/mix_upper_mlts_BTCUSDT_60_model.keras
2024-06-25 21:44:45,114 INFO: Loading scaler from /home/tikeda/workspace/trade/AI_DayTrading/data/data_rolling/mix_upper_mlts_BTCUSDT_60_model.scaler
2024-06-25 21:44:45,114 INFO: Loading model from /home/tikeda/workspace/trade/AI_DayTrading/data/data_rolling/mix_lower_mlts_BTCUSDT_60_model.keras
2024-06-25 21:44:45,921 INFO: Loading scaler from /home/tikeda/workspace/trade/AI_DayTrading/data/data_rolling/mix_lower_mlts_BTCUSDT_60_model.scaler
2024-06-25 21:45:16,272 INFO: Loading model from /home/tikeda/workspace/trade/AI_DayTrading/data/data_rolling/mix_upper_mlts_BTCUSDT_60_model.keras
2024-06-25 21:45:17,331 INFO: Loading scaler from /home/tikeda/workspace/trade/AI_DayTrading/data/data_rolling/mix_upper_mlts_BTCUSDT_60_model.scaler
2024-06-25 21:45:17,331 INFO: Loading model from /home/tikeda/workspace/trade/AI_DayTrading/data/data_rolling/mix_lower_mlts_BTCUSDT_60_model.keras
2024-06-25 21:45:18,136 INFO: Loading scaler from /home/tikeda/workspace/trade/AI_DayTrading/data/data_rolling/mix_lower_mlts_BTCUSDT_60_model.scaler
