2024-04-03 14:01:18.489876: I tensorflow/core/platform/cpu_feature_guard.cc:182] This TensorFlow binary is optimized to use available CPU instructions in performance-critical operations.
To enable the following instructions: SSE4.1 SSE4.2 AVX AVX2 FMA, in other operations, rebuild TensorFlow with the appropriate compiler flags.
2024-04-03 14:01:20.957639: I tensorflow/core/common_runtime/process_util.cc:146] Creating new thread pool with default inter op setting: 2. Tune using inter_op_parallelism_threads for best performance.
/home/trade/miniconda3/envs/trade-ai/lib/python3.10/site-packages/sklearn/base.py:347: InconsistentVersionWarning: Trying to unpickle estimator MinMaxScaler from version 1.4.1.post1 when using version 1.3.0. This might lead to breaking code or invalid results. Use at your own risk. For more info please refer to:
https://scikit-learn.org/stable/model_persistence.html#security-maintainability-limitations
  warnings.warn(
/home/trade/miniconda3/envs/trade-ai/lib/python3.10/site-packages/sklearn/base.py:347: InconsistentVersionWarning: Trying to unpickle estimator MinMaxScaler from version 1.4.1.post1 when using version 1.3.0. This might lead to breaking code or invalid results. Use at your own risk. For more info please refer to:
https://scikit-learn.org/stable/model_persistence.html#security-maintainability-limitations
  warnings.warn(
最新のデータを追加しました。
             index             start_at     open  ...  dmi_diff  macd_diff  bol_diff
0     1.704006e+09         1704006000.0  42295.1  ...       NaN        NaN       NaN
1     1.704010e+09         1704009600.0  42566.0  ...       NaN        NaN       NaN
2     1.704013e+09         1704013200.0  42522.1  ...       NaN        NaN       NaN
3     1.704017e+09         1704016800.0  42784.3  ...       NaN        NaN       NaN
4     1.704020e+09         1704020400.0  42702.7  ...       NaN        NaN       NaN
...            ...                  ...      ...  ...       ...        ...       ...
1672  1.710025e+09         1710025200.0  68418.4  ...       NaN        NaN       NaN
1673  1.710029e+09         1710028800.0  68374.4  ...       NaN        NaN       NaN
1674  1.710032e+09         1710032400.0  68408.6  ...       NaN        NaN       NaN
1675  1.710036e+09         1710036000.0  69036.7  ...       NaN        NaN       NaN
1676  0.000000e+00  2024-04-03 14:00:00  65844.3  ...     -9.52     -25.03   1043.87

[1677 rows x 40 columns]
2024-04-03 14:00:00|
             index             start_at     open  ...  dmi_diff  macd_diff  bol_diff
0     1.704006e+09         1704006000.0  42295.1  ...       NaN        NaN       NaN
1     1.704010e+09         1704009600.0  42566.0  ...       NaN        NaN       NaN
2     1.704013e+09         1704013200.0  42522.1  ...       NaN        NaN       NaN
3     1.704017e+09         1704016800.0  42784.3  ...       NaN        NaN       NaN
4     1.704020e+09         1704020400.0  42702.7  ...       NaN        NaN       NaN
...            ...                  ...      ...  ...       ...        ...       ...
1672  1.710025e+09         1710025200.0  68418.4  ...       NaN        NaN       NaN
1673  1.710029e+09         1710028800.0  68374.4  ...       NaN        NaN       NaN
1674  1.710032e+09         1710032400.0  68408.6  ...       NaN        NaN       NaN
1675  1.710036e+09         1710036000.0  69036.7  ...       NaN        NaN       NaN
1676  0.000000e+00  2024-04-03 14:00:00  65844.3  ...     -9.52     -25.03   1043.87

[1677 rows x 40 columns]
                        start_at     open  ...        turnover                date
index                                      ...                                    
1.712120e+09 2024-04-03 05:00:00  66347.7  ...   39997856.1387 2024-04-03 05:00:00
1.712121e+09 2024-04-03 05:15:00  66261.4  ...   62836800.6341 2024-04-03 05:15:00
1.712122e+09 2024-04-03 05:30:00  66170.1  ...   59634481.6329 2024-04-03 05:30:00
1.712123e+09 2024-04-03 05:45:00    66040  ...   32551544.4134 2024-04-03 05:45:00
1.712124e+09 2024-04-03 06:00:00    66110  ...   46964688.7201 2024-04-03 06:00:00
1.712125e+09 2024-04-03 06:15:00  66181.1  ...   28904945.8197 2024-04-03 06:15:00
1.712126e+09 2024-04-03 06:30:00  66314.4  ...   22553617.5584 2024-04-03 06:30:00
1.712127e+09 2024-04-03 06:45:00  66259.1  ...   31963810.8011 2024-04-03 06:45:00
1.712128e+09 2024-04-03 07:00:00  66374.9  ...   44515450.2576 2024-04-03 07:00:00
1.712128e+09 2024-04-03 07:15:00  66456.6  ...   44981751.4956 2024-04-03 07:15:00
1.712129e+09 2024-04-03 07:30:00    66311  ...   38832292.3666 2024-04-03 07:30:00
1.712130e+09 2024-04-03 07:45:00    66350  ...   35337108.0918 2024-04-03 07:45:00
1.712131e+09 2024-04-03 08:00:00  66168.2  ...   64263905.7051 2024-04-03 08:00:00
1.712132e+09 2024-04-03 08:15:00  66113.2  ...   30276979.5616 2024-04-03 08:15:00
1.712133e+09 2024-04-03 08:30:00  66183.7  ...  156890453.9419 2024-04-03 08:30:00
1.712134e+09 2024-04-03 08:45:00    66584  ...   74506097.7227 2024-04-03 08:45:00
1.712135e+09 2024-04-03 09:00:00  66554.2  ...   52476950.8054 2024-04-03 09:00:00
1.712136e+09 2024-04-03 09:15:00  66454.1  ...   28077386.0629 2024-04-03 09:15:00
1.712137e+09 2024-04-03 09:30:00    66485  ...   29351147.5666 2024-04-03 09:30:00
1.712138e+09 2024-04-03 09:45:00  66459.7  ...   58399923.9123 2024-04-03 09:45:00
1.712138e+09 2024-04-03 10:00:00  66521.9  ...   37260471.1543 2024-04-03 10:00:00
1.712139e+09 2024-04-03 10:15:00  66391.7  ...   31375758.1433 2024-04-03 10:15:00
1.712140e+09 2024-04-03 10:30:00    66330  ...   93157617.1436 2024-04-03 10:30:00
1.712141e+09 2024-04-03 10:45:00  66169.4  ...   57554745.6359 2024-04-03 10:45:00
1.712142e+09 2024-04-03 11:00:00  66241.6  ...  273140290.2969 2024-04-03 11:00:00
1.712143e+09 2024-04-03 11:15:00  65708.4  ...  110711285.4627 2024-04-03 11:15:00
1.712144e+09 2024-04-03 11:30:00  65892.4  ...   64472730.2594 2024-04-03 11:30:00
1.712145e+09 2024-04-03 11:45:00  65987.1  ...   87483337.1735 2024-04-03 11:45:00
1.712146e+09 2024-04-03 12:00:00  66095.8  ...   62844076.4922 2024-04-03 12:00:00
1.712146e+09 2024-04-03 12:15:00  66196.6  ...   53440193.7476 2024-04-03 12:15:00
1.712147e+09 2024-04-03 12:30:00  65956.8  ...   77701844.0298 2024-04-03 12:30:00
1.712148e+09 2024-04-03 12:45:00  65856.1  ...   50812518.4701 2024-04-03 12:45:00
1.712149e+09 2024-04-03 13:00:00  65949.9  ...    76173559.915 2024-04-03 13:00:00
1.712150e+09 2024-04-03 13:15:00  65982.1  ...   89363626.2022 2024-04-03 13:15:00
1.712151e+09 2024-04-03 13:30:00    65767  ...   96852393.9969 2024-04-03 13:30:00
1.712152e+09 2024-04-03 13:45:00  65734.3  ...   73224574.6381 2024-04-03 13:45:00
1.712153e+09 2024-04-03 14:00:00  65844.3  ...   39356867.1837 2024-04-03 14:00:00

[37 rows x 8 columns]
               start_at     open     high  ...  dmi_diff  macd_diff  bol_diff
0   2024-03-24 14:15:00  65564.5  65956.8  ...     25.91     -20.97    997.60
1   2024-03-24 14:30:00  65774.0  65882.6  ...     22.40     -21.60    984.51
2   2024-03-24 14:45:00  65644.4  65701.9  ...     21.53     -22.72    935.01
3   2024-03-24 15:00:00  65658.3  65775.5  ...     16.30     -34.18    850.51
4   2024-03-24 15:15:00  65513.4  65713.5  ...     15.19     -29.43    866.79
..                  ...      ...      ...  ...       ...        ...       ...
955 2024-04-03 13:00:00  65949.9  66075.0  ...     -8.61     -39.67    992.84
956 2024-04-03 13:15:00  65982.1  65982.1  ...    -18.28     -47.68   1063.18
957 2024-04-03 13:30:00  65767.0  66013.7  ...    -14.58     -52.00   1134.00
958 2024-04-03 13:45:00  65734.3  66000.0  ...    -12.80     -44.78   1104.71
959 2024-04-03 14:00:00  65844.3  66063.0  ...     -9.52     -25.03   1043.87

[960 rows x 39 columns]
最新のデータはすでにデータベースにあります。
      index             start_at     open  ...  dmi_diff  macd_diff  bol_diff
1676    0.0  2024-04-03 14:00:00  65844.3  ...     -9.52     -25.03   1043.87

[1 rows x 40 columns]
                        start_at     open  ...        turnover                date
index                                      ...                                    
1.712120e+09 2024-04-03 05:00:00  66347.7  ...   39997856.1387 2024-04-03 05:00:00
1.712121e+09 2024-04-03 05:15:00  66261.4  ...   62836800.6341 2024-04-03 05:15:00
1.712122e+09 2024-04-03 05:30:00  66170.1  ...   59634481.6329 2024-04-03 05:30:00
1.712123e+09 2024-04-03 05:45:00    66040  ...   32551544.4134 2024-04-03 05:45:00
1.712124e+09 2024-04-03 06:00:00    66110  ...   46964688.7201 2024-04-03 06:00:00
1.712125e+09 2024-04-03 06:15:00  66181.1  ...   28904945.8197 2024-04-03 06:15:00
1.712126e+09 2024-04-03 06:30:00  66314.4  ...   22553617.5584 2024-04-03 06:30:00
1.712127e+09 2024-04-03 06:45:00  66259.1  ...   31963810.8011 2024-04-03 06:45:00
1.712128e+09 2024-04-03 07:00:00  66374.9  ...   44515450.2576 2024-04-03 07:00:00
1.712128e+09 2024-04-03 07:15:00  66456.6  ...   44981751.4956 2024-04-03 07:15:00
1.712129e+09 2024-04-03 07:30:00    66311  ...   38832292.3666 2024-04-03 07:30:00
1.712130e+09 2024-04-03 07:45:00    66350  ...   35337108.0918 2024-04-03 07:45:00
1.712131e+09 2024-04-03 08:00:00  66168.2  ...   64263905.7051 2024-04-03 08:00:00
1.712132e+09 2024-04-03 08:15:00  66113.2  ...   30276979.5616 2024-04-03 08:15:00
1.712133e+09 2024-04-03 08:30:00  66183.7  ...  156890453.9419 2024-04-03 08:30:00
1.712134e+09 2024-04-03 08:45:00    66584  ...   74506097.7227 2024-04-03 08:45:00
1.712135e+09 2024-04-03 09:00:00  66554.2  ...   52476950.8054 2024-04-03 09:00:00
1.712136e+09 2024-04-03 09:15:00  66454.1  ...   28077386.0629 2024-04-03 09:15:00
1.712137e+09 2024-04-03 09:30:00    66485  ...   29351147.5666 2024-04-03 09:30:00
1.712138e+09 2024-04-03 09:45:00  66459.7  ...   58399923.9123 2024-04-03 09:45:00
1.712138e+09 2024-04-03 10:00:00  66521.9  ...   37260471.1543 2024-04-03 10:00:00
1.712139e+09 2024-04-03 10:15:00  66391.7  ...   31375758.1433 2024-04-03 10:15:00
1.712140e+09 2024-04-03 10:30:00    66330  ...   93157617.1436 2024-04-03 10:30:00
1.712141e+09 2024-04-03 10:45:00  66169.4  ...   57554745.6359 2024-04-03 10:45:00
1.712142e+09 2024-04-03 11:00:00  66241.6  ...  273140290.2969 2024-04-03 11:00:00
1.712143e+09 2024-04-03 11:15:00  65708.4  ...  110711285.4627 2024-04-03 11:15:00
1.712144e+09 2024-04-03 11:30:00  65892.4  ...   64472730.2594 2024-04-03 11:30:00
1.712145e+09 2024-04-03 11:45:00  65987.1  ...   87483337.1735 2024-04-03 11:45:00
1.712146e+09 2024-04-03 12:00:00  66095.8  ...   62844076.4922 2024-04-03 12:00:00
1.712146e+09 2024-04-03 12:15:00  66196.6  ...   53440193.7476 2024-04-03 12:15:00
1.712147e+09 2024-04-03 12:30:00  65956.8  ...   77701844.0298 2024-04-03 12:30:00
1.712148e+09 2024-04-03 12:45:00  65856.1  ...   50812518.4701 2024-04-03 12:45:00
1.712149e+09 2024-04-03 13:00:00  65949.9  ...    76173559.915 2024-04-03 13:00:00
1.712150e+09 2024-04-03 13:15:00  65982.1  ...   89363626.2022 2024-04-03 13:15:00
1.712151e+09 2024-04-03 13:30:00    65767  ...   96852393.9969 2024-04-03 13:30:00
1.712152e+09 2024-04-03 13:45:00  65734.3  ...   73224574.6381 2024-04-03 13:45:00
1.712153e+09 2024-04-03 14:00:00  65844.3  ...   91356183.6563 2024-04-03 14:00:00

[37 rows x 8 columns]
               start_at     open     high  ...  dmi_diff  macd_diff  bol_diff
0   2024-03-24 14:15:00  65564.5  65956.8  ...     25.91     -20.97    997.60
1   2024-03-24 14:30:00  65774.0  65882.6  ...     22.40     -21.60    984.51
2   2024-03-24 14:45:00  65644.4  65701.9  ...     21.53     -22.72    935.01
3   2024-03-24 15:00:00  65658.3  65775.5  ...     16.30     -34.18    850.51
4   2024-03-24 15:15:00  65513.4  65713.5  ...     15.19     -29.43    866.79
..                  ...      ...      ...  ...       ...        ...       ...
955 2024-04-03 13:00:00  65949.9  66075.0  ...     -8.61     -39.67    992.84
956 2024-04-03 13:15:00  65982.1  65982.1  ...    -18.28     -47.68   1063.18
957 2024-04-03 13:30:00  65767.0  66013.7  ...    -14.58     -52.00   1134.00
958 2024-04-03 13:45:00  65734.3  66000.0  ...    -12.80     -44.78   1104.71
959 2024-04-03 14:00:00  65844.3  66063.0  ...     -9.52     -25.03   1043.87

[960 rows x 39 columns]
最新のデータはすでにデータベースにあります。
      index             start_at     open  ...  dmi_diff  macd_diff  bol_diff
1676    0.0  2024-04-03 14:00:00  65844.3  ...     -9.52     -25.03   1043.87

[1 rows x 40 columns]
                        start_at     open  ...        turnover                date
index                                      ...                                    
1.712120e+09 2024-04-03 05:00:00  66347.7  ...   39997856.1387 2024-04-03 05:00:00
1.712121e+09 2024-04-03 05:15:00  66261.4  ...   62836800.6341 2024-04-03 05:15:00
1.712122e+09 2024-04-03 05:30:00  66170.1  ...   59634481.6329 2024-04-03 05:30:00
1.712123e+09 2024-04-03 05:45:00    66040  ...   32551544.4134 2024-04-03 05:45:00
1.712124e+09 2024-04-03 06:00:00    66110  ...   46964688.7201 2024-04-03 06:00:00
1.712125e+09 2024-04-03 06:15:00  66181.1  ...   28904945.8197 2024-04-03 06:15:00
1.712126e+09 2024-04-03 06:30:00  66314.4  ...   22553617.5584 2024-04-03 06:30:00
1.712127e+09 2024-04-03 06:45:00  66259.1  ...   31963810.8011 2024-04-03 06:45:00
1.712128e+09 2024-04-03 07:00:00  66374.9  ...   44515450.2576 2024-04-03 07:00:00
1.712128e+09 2024-04-03 07:15:00  66456.6  ...   44981751.4956 2024-04-03 07:15:00
1.712129e+09 2024-04-03 07:30:00    66311  ...   38832292.3666 2024-04-03 07:30:00
1.712130e+09 2024-04-03 07:45:00    66350  ...   35337108.0918 2024-04-03 07:45:00
1.712131e+09 2024-04-03 08:00:00  66168.2  ...   64263905.7051 2024-04-03 08:00:00
1.712132e+09 2024-04-03 08:15:00  66113.2  ...   30276979.5616 2024-04-03 08:15:00
1.712133e+09 2024-04-03 08:30:00  66183.7  ...  156890453.9419 2024-04-03 08:30:00
1.712134e+09 2024-04-03 08:45:00    66584  ...   74506097.7227 2024-04-03 08:45:00
1.712135e+09 2024-04-03 09:00:00  66554.2  ...   52476950.8054 2024-04-03 09:00:00
1.712136e+09 2024-04-03 09:15:00  66454.1  ...   28077386.0629 2024-04-03 09:15:00
1.712137e+09 2024-04-03 09:30:00    66485  ...   29351147.5666 2024-04-03 09:30:00
1.712138e+09 2024-04-03 09:45:00  66459.7  ...   58399923.9123 2024-04-03 09:45:00
1.712138e+09 2024-04-03 10:00:00  66521.9  ...   37260471.1543 2024-04-03 10:00:00
1.712139e+09 2024-04-03 10:15:00  66391.7  ...   31375758.1433 2024-04-03 10:15:00
1.712140e+09 2024-04-03 10:30:00    66330  ...   93157617.1436 2024-04-03 10:30:00
1.712141e+09 2024-04-03 10:45:00  66169.4  ...   57554745.6359 2024-04-03 10:45:00
1.712142e+09 2024-04-03 11:00:00  66241.6  ...  273140290.2969 2024-04-03 11:00:00
1.712143e+09 2024-04-03 11:15:00  65708.4  ...  110711285.4627 2024-04-03 11:15:00
1.712144e+09 2024-04-03 11:30:00  65892.4  ...   64472730.2594 2024-04-03 11:30:00
1.712145e+09 2024-04-03 11:45:00  65987.1  ...   87483337.1735 2024-04-03 11:45:00
1.712146e+09 2024-04-03 12:00:00  66095.8  ...   62844076.4922 2024-04-03 12:00:00
1.712146e+09 2024-04-03 12:15:00  66196.6  ...   53440193.7476 2024-04-03 12:15:00
1.712147e+09 2024-04-03 12:30:00  65956.8  ...   77701844.0298 2024-04-03 12:30:00
1.712148e+09 2024-04-03 12:45:00  65856.1  ...   50812518.4701 2024-04-03 12:45:00
1.712149e+09 2024-04-03 13:00:00  65949.9  ...    76173559.915 2024-04-03 13:00:00
1.712150e+09 2024-04-03 13:15:00  65982.1  ...   89363626.2022 2024-04-03 13:15:00
1.712151e+09 2024-04-03 13:30:00    65767  ...   96852393.9969 2024-04-03 13:30:00
1.712152e+09 2024-04-03 13:45:00  65734.3  ...   73224574.6381 2024-04-03 13:45:00
1.712153e+09 2024-04-03 14:00:00  65844.3  ...  114812747.0961 2024-04-03 14:00:00

[37 rows x 8 columns]
               start_at     open     high  ...  dmi_diff  macd_diff  bol_diff
0   2024-03-24 14:15:00  65564.5  65956.8  ...     25.91     -20.97    997.60
1   2024-03-24 14:30:00  65774.0  65882.6  ...     22.40     -21.60    984.51
2   2024-03-24 14:45:00  65644.4  65701.9  ...     21.53     -22.72    935.01
3   2024-03-24 15:00:00  65658.3  65775.5  ...     16.30     -34.18    850.51
4   2024-03-24 15:15:00  65513.4  65713.5  ...     15.19     -29.43    866.79
..                  ...      ...      ...  ...       ...        ...       ...
955 2024-04-03 13:00:00  65949.9  66075.0  ...     -8.61     -39.67    992.84
956 2024-04-03 13:15:00  65982.1  65982.1  ...    -18.28     -47.68   1063.18
957 2024-04-03 13:30:00  65767.0  66013.7  ...    -14.58     -52.00   1134.00
958 2024-04-03 13:45:00  65734.3  66000.0  ...    -12.80     -44.78   1104.71
959 2024-04-03 14:00:00  65844.3  66063.0  ...     -9.52     -25.03   1043.87

[960 rows x 39 columns]
最新のデータはすでにデータベースにあります。
      index             start_at     open  ...  dmi_diff  macd_diff  bol_diff
1676    0.0  2024-04-03 14:00:00  65844.3  ...     -9.52     -25.03   1043.87

[1 rows x 40 columns]
                        start_at     open  ...        turnover                date
index                                      ...                                    
1.712120e+09 2024-04-03 05:00:00  66347.7  ...   39997856.1387 2024-04-03 05:00:00
1.712121e+09 2024-04-03 05:15:00  66261.4  ...   62836800.6341 2024-04-03 05:15:00
1.712122e+09 2024-04-03 05:30:00  66170.1  ...   59634481.6329 2024-04-03 05:30:00
1.712123e+09 2024-04-03 05:45:00    66040  ...   32551544.4134 2024-04-03 05:45:00
1.712124e+09 2024-04-03 06:00:00    66110  ...   46964688.7201 2024-04-03 06:00:00
1.712125e+09 2024-04-03 06:15:00  66181.1  ...   28904945.8197 2024-04-03 06:15:00
1.712126e+09 2024-04-03 06:30:00  66314.4  ...   22553617.5584 2024-04-03 06:30:00
1.712127e+09 2024-04-03 06:45:00  66259.1  ...   31963810.8011 2024-04-03 06:45:00
1.712128e+09 2024-04-03 07:00:00  66374.9  ...   44515450.2576 2024-04-03 07:00:00
1.712128e+09 2024-04-03 07:15:00  66456.6  ...   44981751.4956 2024-04-03 07:15:00
1.712129e+09 2024-04-03 07:30:00    66311  ...   38832292.3666 2024-04-03 07:30:00
1.712130e+09 2024-04-03 07:45:00    66350  ...   35337108.0918 2024-04-03 07:45:00
1.712131e+09 2024-04-03 08:00:00  66168.2  ...   64263905.7051 2024-04-03 08:00:00
1.712132e+09 2024-04-03 08:15:00  66113.2  ...   30276979.5616 2024-04-03 08:15:00
1.712133e+09 2024-04-03 08:30:00  66183.7  ...  156890453.9419 2024-04-03 08:30:00
1.712134e+09 2024-04-03 08:45:00    66584  ...   74506097.7227 2024-04-03 08:45:00
1.712135e+09 2024-04-03 09:00:00  66554.2  ...   52476950.8054 2024-04-03 09:00:00
1.712136e+09 2024-04-03 09:15:00  66454.1  ...   28077386.0629 2024-04-03 09:15:00
1.712137e+09 2024-04-03 09:30:00    66485  ...   29351147.5666 2024-04-03 09:30:00
1.712138e+09 2024-04-03 09:45:00  66459.7  ...   58399923.9123 2024-04-03 09:45:00
1.712138e+09 2024-04-03 10:00:00  66521.9  ...   37260471.1543 2024-04-03 10:00:00
1.712139e+09 2024-04-03 10:15:00  66391.7  ...   31375758.1433 2024-04-03 10:15:00
1.712140e+09 2024-04-03 10:30:00    66330  ...   93157617.1436 2024-04-03 10:30:00
1.712141e+09 2024-04-03 10:45:00  66169.4  ...   57554745.6359 2024-04-03 10:45:00
1.712142e+09 2024-04-03 11:00:00  66241.6  ...  273140290.2969 2024-04-03 11:00:00
1.712143e+09 2024-04-03 11:15:00  65708.4  ...  110711285.4627 2024-04-03 11:15:00
1.712144e+09 2024-04-03 11:30:00  65892.4  ...   64472730.2594 2024-04-03 11:30:00
1.712145e+09 2024-04-03 11:45:00  65987.1  ...   87483337.1735 2024-04-03 11:45:00
1.712146e+09 2024-04-03 12:00:00  66095.8  ...   62844076.4922 2024-04-03 12:00:00
1.712146e+09 2024-04-03 12:15:00  66196.6  ...   53440193.7476 2024-04-03 12:15:00
1.712147e+09 2024-04-03 12:30:00  65956.8  ...   77701844.0298 2024-04-03 12:30:00
1.712148e+09 2024-04-03 12:45:00  65856.1  ...   50812518.4701 2024-04-03 12:45:00
1.712149e+09 2024-04-03 13:00:00  65949.9  ...    76173559.915 2024-04-03 13:00:00
1.712150e+09 2024-04-03 13:15:00  65982.1  ...   89363626.2022 2024-04-03 13:15:00
1.712151e+09 2024-04-03 13:30:00    65767  ...   96852393.9969 2024-04-03 13:30:00
1.712152e+09 2024-04-03 13:45:00  65734.3  ...   73224574.6381 2024-04-03 13:45:00
1.712153e+09 2024-04-03 14:00:00  65844.3  ...  135068112.2195 2024-04-03 14:00:00

[37 rows x 8 columns]
               start_at     open     high  ...  dmi_diff  macd_diff  bol_diff
0   2024-03-24 14:15:00  65564.5  65956.8  ...     25.91     -20.97    997.60
1   2024-03-24 14:30:00  65774.0  65882.6  ...     22.40     -21.60    984.51
2   2024-03-24 14:45:00  65644.4  65701.9  ...     21.53     -22.72    935.01
3   2024-03-24 15:00:00  65658.3  65775.5  ...     16.30     -34.18    850.51
4   2024-03-24 15:15:00  65513.4  65713.5  ...     15.19     -29.43    866.79
..                  ...      ...      ...  ...       ...        ...       ...
955 2024-04-03 13:00:00  65949.9  66075.0  ...     -8.61     -39.67    992.84
956 2024-04-03 13:15:00  65982.1  65982.1  ...    -18.28     -47.68   1063.18
957 2024-04-03 13:30:00  65767.0  66013.7  ...    -14.58     -52.00   1134.00
958 2024-04-03 13:45:00  65734.3  66000.0  ...    -12.80     -44.78   1104.71
959 2024-04-03 14:00:00  65844.3  66063.0  ...     -9.52     -25.03   1043.87

[960 rows x 39 columns]
最新のデータはすでにデータベースにあります。
      index             start_at     open  ...  dmi_diff  macd_diff  bol_diff
1676    0.0  2024-04-03 14:00:00  65844.3  ...     -9.52     -25.03   1043.87

[1 rows x 40 columns]
                        start_at     open  ...        turnover                date
index                                      ...                                    
1.712120e+09 2024-04-03 05:00:00  66347.7  ...   39997856.1387 2024-04-03 05:00:00
1.712121e+09 2024-04-03 05:15:00  66261.4  ...   62836800.6341 2024-04-03 05:15:00
1.712122e+09 2024-04-03 05:30:00  66170.1  ...   59634481.6329 2024-04-03 05:30:00
1.712123e+09 2024-04-03 05:45:00    66040  ...   32551544.4134 2024-04-03 05:45:00
1.712124e+09 2024-04-03 06:00:00    66110  ...   46964688.7201 2024-04-03 06:00:00
1.712125e+09 2024-04-03 06:15:00  66181.1  ...   28904945.8197 2024-04-03 06:15:00
1.712126e+09 2024-04-03 06:30:00  66314.4  ...   22553617.5584 2024-04-03 06:30:00
1.712127e+09 2024-04-03 06:45:00  66259.1  ...   31963810.8011 2024-04-03 06:45:00
1.712128e+09 2024-04-03 07:00:00  66374.9  ...   44515450.2576 2024-04-03 07:00:00
1.712128e+09 2024-04-03 07:15:00  66456.6  ...   44981751.4956 2024-04-03 07:15:00
1.712129e+09 2024-04-03 07:30:00    66311  ...   38832292.3666 2024-04-03 07:30:00
1.712130e+09 2024-04-03 07:45:00    66350  ...   35337108.0918 2024-04-03 07:45:00
1.712131e+09 2024-04-03 08:00:00  66168.2  ...   64263905.7051 2024-04-03 08:00:00
1.712132e+09 2024-04-03 08:15:00  66113.2  ...   30276979.5616 2024-04-03 08:15:00
1.712133e+09 2024-04-03 08:30:00  66183.7  ...  156890453.9419 2024-04-03 08:30:00
1.712134e+09 2024-04-03 08:45:00    66584  ...   74506097.7227 2024-04-03 08:45:00
1.712135e+09 2024-04-03 09:00:00  66554.2  ...   52476950.8054 2024-04-03 09:00:00
1.712136e+09 2024-04-03 09:15:00  66454.1  ...   28077386.0629 2024-04-03 09:15:00
1.712137e+09 2024-04-03 09:30:00    66485  ...   29351147.5666 2024-04-03 09:30:00
1.712138e+09 2024-04-03 09:45:00  66459.7  ...   58399923.9123 2024-04-03 09:45:00
1.712138e+09 2024-04-03 10:00:00  66521.9  ...   37260471.1543 2024-04-03 10:00:00
1.712139e+09 2024-04-03 10:15:00  66391.7  ...   31375758.1433 2024-04-03 10:15:00
1.712140e+09 2024-04-03 10:30:00    66330  ...   93157617.1436 2024-04-03 10:30:00
1.712141e+09 2024-04-03 10:45:00  66169.4  ...   57554745.6359 2024-04-03 10:45:00
1.712142e+09 2024-04-03 11:00:00  66241.6  ...  273140290.2969 2024-04-03 11:00:00
1.712143e+09 2024-04-03 11:15:00  65708.4  ...  110711285.4627 2024-04-03 11:15:00
1.712144e+09 2024-04-03 11:30:00  65892.4  ...   64472730.2594 2024-04-03 11:30:00
1.712145e+09 2024-04-03 11:45:00  65987.1  ...   87483337.1735 2024-04-03 11:45:00
1.712146e+09 2024-04-03 12:00:00  66095.8  ...   62844076.4922 2024-04-03 12:00:00
1.712146e+09 2024-04-03 12:15:00  66196.6  ...   53440193.7476 2024-04-03 12:15:00
1.712147e+09 2024-04-03 12:30:00  65956.8  ...   77701844.0298 2024-04-03 12:30:00
1.712148e+09 2024-04-03 12:45:00  65856.1  ...   50812518.4701 2024-04-03 12:45:00
1.712149e+09 2024-04-03 13:00:00  65949.9  ...    76173559.915 2024-04-03 13:00:00
1.712150e+09 2024-04-03 13:15:00  65982.1  ...   89363626.2022 2024-04-03 13:15:00
1.712151e+09 2024-04-03 13:30:00    65767  ...   96852393.9969 2024-04-03 13:30:00
1.712152e+09 2024-04-03 13:45:00  65734.3  ...   73224574.6381 2024-04-03 13:45:00
1.712153e+09 2024-04-03 14:00:00  65844.3  ...  149066302.7497 2024-04-03 14:00:00

[37 rows x 8 columns]
               start_at     open     high  ...  dmi_diff  macd_diff  bol_diff
0   2024-03-24 14:15:00  65564.5  65956.8  ...     25.91     -20.97    997.60
1   2024-03-24 14:30:00  65774.0  65882.6  ...     22.40     -21.60    984.51
2   2024-03-24 14:45:00  65644.4  65701.9  ...     21.53     -22.72    935.01
3   2024-03-24 15:00:00  65658.3  65775.5  ...     16.30     -34.18    850.51
4   2024-03-24 15:15:00  65513.4  65713.5  ...     15.19     -29.43    866.79
..                  ...      ...      ...  ...       ...        ...       ...
955 2024-04-03 13:00:00  65949.9  66075.0  ...     -8.61     -39.67    992.84
956 2024-04-03 13:15:00  65982.1  65982.1  ...    -18.28     -47.68   1063.18
957 2024-04-03 13:30:00  65767.0  66013.7  ...    -14.58     -52.00   1134.00
958 2024-04-03 13:45:00  65734.3  66000.0  ...    -12.80     -44.78   1104.71
959 2024-04-03 14:00:00  65844.3  66063.0  ...     -9.52     -25.03   1043.87

[960 rows x 39 columns]
最新のデータはすでにデータベースにあります。
      index             start_at     open  ...  dmi_diff  macd_diff  bol_diff
1676    0.0  2024-04-03 14:00:00  65844.3  ...     -9.52     -25.03   1043.87

[1 rows x 40 columns]
