2024-02-03 09:09:28,203 INFO: FileNotFoundError: [Errno 2] No such file or directory: '/Users/ikedatoshihiko/workspace/btctrading_wk/offline/btctrading_offline_ver2_0/data/BTCUSDT_20230901000_20231201000_60_price_upper_mlts.csv'
2024-02-05 22:39:31,839 INFO: FileNotFoundError: [Errno 2] No such file or directory: '/Users/ikedatoshihiko/workspace/btctrading_wk/offline/btctrading_offline_ver2_0/data/BTCUSDT_20210401000_20230901000_60_price_upper_mlts.csv'
2024-02-06 17:50:00,432 INFO: FileNotFoundError: [Errno 2] No such file or directory: 'BTCUSDT_20230901000_20231201000_60_price_upper_ml.csv'
2024-02-23 13:35:26,536 INFO: FileNotFoundError: [Errno 2] No such file or directory: '/Users/ikedatoshihiko/workspace/btctrading_wk/offline/btctrading_offline_ver2_0/algorithmic_trading/data/data_ml/upper'
2024-04-04 09:35:17,570 INFO: FileNotFoundError: [Errno 2] No such file or directory: 'C:\\Users\\ikeda\\workspace\\btctrading_wk\\offline\\algorithmic_trading/data/data_ml/ETHUSDT_20240101000_20240401000_60_price_upper_mlts.csv'
2024-04-07 03:45:19,826 INFO: FileNotFoundError: [Errno 2] No such file or directory: '/Users/ikedatoshihiko/workspace/btctrading_wk/offline/btctrading_offline_ver2_0/algorithmic_trading/data/data_ml/BTCUSDT_202309010_20231201000_60_price_lower_mlts.csv'
2024-04-07 03:48:39,433 INFO: FileNotFoundError: [Errno 2] No such file or directory: '/Users/ikedatoshihiko/workspace/btctrading_wk/offline/btctrading_offline_ver2_0/algorithmic_trading/data/data_ml/BTCUSDT_202301010_20240101_60_price_upper_mlts.csv'
2024-04-07 12:43:23,208 INFO: ãƒ†ãƒ¼ãƒ–ãƒ« 'btcusdt_60_market_data_tech'' ã‹ã‚‰ãƒ‡ãƒ¼ã‚¿ã‚’èª­ã¿è¾¼ã‚€ã®ã«å¤±æ•—ã—ã¾ã—ãŸ: unterminated quoted string at or near "' ORDER BY start_at ASC;"
LINE 1: SELECT * FROM btcusdt_60_market_data_tech' ORDER BY start_at...
                                                 ^

2024-04-07 14:07:05,835 INFO: FileNotFoundError: [Errno 2] No such file or directory: '/Users/ikedatoshihiko/workspace/btctrading_wk/offline/btctrading_offline_ver2_0/algorithmic_trading/data/BTCUSDT_20200101_20230101_60_price_lower_mlts.csv/Users/ikedatoshihiko/workspace/btctrading_wk/offline/btctrading_offline_ver2_0/algorithmic_trading/data/data_ml'
2024-04-11 23:40:52,628 INFO: æŒ‡å®šã•ã‚ŒãŸæœŸé–“ '2020-01-01 ã‹ã‚‰ 2023-01-01' ã®ãƒ‡ãƒ¼ã‚¿ã‚’ ethusdt240_market_data_tech ã‹ã‚‰ãƒ­ãƒ¼ãƒ‰ã™ã‚‹ã®ã«å¤±æ•—ã—ã¾ã—ãŸ: relation "ethusdt240_market_data_tech" does not exist
LINE 2:         SELECT * FROM ethusdt240_market_data_tech
                              ^

2024-04-18 14:03:52,824 INFO: w’è‚³‚ê‚½“úŠúŠÔ '23-01-01 00:00:00 ‚©‚ç 2024-01-01 00:00:00' ‚Ìƒf[ƒ^‚ğ BTCUSDT_60_market_data_tech ‚©‚çƒ[ƒh‚·‚é‚Ì‚É¸”s‚µ‚Ü‚µ‚½: date/time field value out of range: "23-01-01 00:00:00"
LINE 3:         WHERE start_at >= '23-01-01 00:00:00' AND start_at <...
                                  ^
HINT:  Perhaps you need a different "datestyle" setting.

2024-04-18 14:08:46,504 INFO: w’è‚³‚ê‚½“úŠúŠÔ '23-01-01 ‚©‚ç 2024-01-01' ‚Ìƒf[ƒ^‚ğ BTCUSDT_60_market_data_tech ‚©‚çƒ[ƒh‚·‚é‚Ì‚É¸”s‚µ‚Ü‚µ‚½: date/time field value out of range: "23-01-01"
LINE 3:         WHERE start_at >= '23-01-01' AND start_at <= '2024-0...
                                  ^
HINT:  Perhaps you need a different "datestyle" setting.

2024-04-18 20:54:25,367 INFO: Training for fold 1 ...
2024-04-18 21:01:21,000 INFO: Training for fold 1 ...
2024-04-18 21:04:13,190 INFO: Training for fold 1 ...
2024-04-18 21:08:33,060 INFO: Training for fold 1 ...
2024-04-18 21:13:37,581 INFO: Training for fold 1 ...
2024-04-18 21:20:02,804 INFO: Training for fold 1 ...
2024-04-18 21:23:46,377 INFO: Training for fold 1 ...
2024-04-18 21:26:29,774 INFO: Training for fold 1 ...
2024-04-18 21:59:38,962 INFO: Training for fold 1 ...
2024-04-19 00:30:51,973 INFO: Training for fold 1 ...
2024-04-19 00:32:43,665 INFO: Training for fold 1 ...
2024-04-19 00:39:31,313 INFO: Training for fold 2 ...
2024-04-19 00:47:41,040 INFO: Training for fold 3 ...
2024-04-19 00:51:58,944 INFO: Loading model from C:\Users\ikeda\workspace\btctrading_wk\offline\tikeda123-quantum_ai_algorithmic_trading\aiml\data/data_rolling/BTCUSDT_60_ema_model.keras
2024-04-19 00:56:49,701 INFO: Training for fold 1 ...
2024-04-19 01:00:21,074 INFO: Training for fold 2 ...
2024-04-19 01:03:26,868 INFO: Training for fold 3 ...
2024-04-19 01:07:14,166 INFO: Saving model to C:\Users\ikeda\workspace\btctrading_wk\offline\tikeda123-quantum_ai_algorithmic_trading\aiml\data/data_rolling/BTCUSDT_60_ema_model.keras
2024-04-19 01:26:09,411 INFO: Training for fold 1 ...
2024-04-19 01:28:09,866 INFO: Training for fold 2 ...
2024-04-19 01:31:13,015 INFO: Saving model to C:\Users\ikeda\workspace\btctrading_wk\offline\tikeda123-quantum_ai_algorithmic_trading/data/data_rolling/BTCUSDT_60_ema_model.keras
2024-04-19 01:31:13,139 INFO: Saving scaler to C:\Users\ikeda\workspace\btctrading_wk\offline\tikeda123-quantum_ai_algorithmic_trading/data/data_rolling/BTCUSDT_60_ema_model.scaler
2024-04-19 01:33:17,714 INFO: Loading model from C:\Users\ikeda\workspace\btctrading_wk\offline\tikeda123-quantum_ai_algorithmic_trading/data/data_rolling/BTCUSDT_60_ema_model.keras
2024-04-19 01:33:18,526 INFO: Loading scaler from C:\Users\ikeda\workspace\btctrading_wk\offline\tikeda123-quantum_ai_algorithmic_trading/data/data_rolling/BTCUSDT_60_ema_model.scaler
2024-04-19 01:38:40,592 INFO: Loading model from C:\Users\ikeda\workspace\btctrading_wk\offline\tikeda123-quantum_ai_algorithmic_trading/data/data_rolling/BTCUSDT_60_ema_model.keras
2024-04-19 01:38:41,487 INFO: Loading scaler from C:\Users\ikeda\workspace\btctrading_wk\offline\tikeda123-quantum_ai_algorithmic_trading/data/data_rolling/BTCUSDT_60_ema_model.scaler
2024-04-19 08:23:22,178 INFO: Training for fold 1 ...
2024-04-19 08:25:00,496 INFO: Training for fold 1 ...
2024-04-19 08:28:56,128 INFO: Training for fold 2 ...
2024-04-19 08:33:01,502 INFO: Training for fold 3 ...
2024-04-19 08:37:40,204 INFO: Saving model to C:\Users\ikeda\workspace\btctrading_wk\offline\tikeda123-quantum_ai_algorithmic_trading/data/data_rolling/ETHUSDT_60_ema_model.keras
2024-04-19 08:37:40,376 INFO: Saving scaler to C:\Users\ikeda\workspace\btctrading_wk\offline\tikeda123-quantum_ai_algorithmic_trading/data/data_rolling/ETHUSDT_60_ema_model.scaler
2024-04-21 12:50:52,459 INFO: Training for fold 1 ...
2024-04-21 12:52:10,112 INFO: Training for fold 2 ...
2024-04-21 12:53:38,112 INFO: Training for fold 3 ...
2024-04-21 12:55:02,504 INFO: Saving model to /Users/ikedatoshihiko/workspace/btctrading_wk/offline/btctrading_offline_ver2_0/quantum_ai_algorithmic_trading/data/data_rolling/ETHUSDT_60_['close', 'ema']_model.keras
2024-04-21 12:55:02,640 INFO: Saving scaler to /Users/ikedatoshihiko/workspace/btctrading_wk/offline/btctrading_offline_ver2_0/quantum_ai_algorithmic_trading/data/data_rolling/ETHUSDT_60_['close', 'ema']_model.scaler
2024-04-21 12:57:00,956 INFO: Loading model from /Users/ikedatoshihiko/workspace/btctrading_wk/offline/btctrading_offline_ver2_0/quantum_ai_algorithmic_trading/data/data_rolling/ETHUSDT_60_['close', 'ema']_model.keras
2024-04-21 12:57:01,720 INFO: Loading scaler from /Users/ikedatoshihiko/workspace/btctrading_wk/offline/btctrading_offline_ver2_0/quantum_ai_algorithmic_trading/data/data_rolling/ETHUSDT_60_['close', 'ema']_model.scaler
2024-04-21 12:57:38,723 INFO: Loading model from /Users/ikedatoshihiko/workspace/btctrading_wk/offline/btctrading_offline_ver2_0/quantum_ai_algorithmic_trading/data/data_rolling/ETHUSDT_60_['close', 'ema']_model.keras
2024-04-21 12:57:39,372 INFO: Loading scaler from /Users/ikedatoshihiko/workspace/btctrading_wk/offline/btctrading_offline_ver2_0/quantum_ai_algorithmic_trading/data/data_rolling/ETHUSDT_60_['close', 'ema']_model.scaler
2024-04-21 12:58:26,105 INFO: Loading model from /Users/ikedatoshihiko/workspace/btctrading_wk/offline/btctrading_offline_ver2_0/quantum_ai_algorithmic_trading/data/data_rolling/ETHUSDT_60_['close', 'ema']_model.keras
2024-04-21 12:58:26,709 INFO: Loading scaler from /Users/ikedatoshihiko/workspace/btctrading_wk/offline/btctrading_offline_ver2_0/quantum_ai_algorithmic_trading/data/data_rolling/ETHUSDT_60_['close', 'ema']_model.scaler
2024-04-21 13:06:07,509 INFO: Training for fold 1 ...
2024-04-21 13:07:21,970 INFO: Training for fold 2 ...
2024-04-21 13:08:54,618 INFO: Training for fold 3 ...
2024-04-21 13:10:28,159 INFO: Saving model to /Users/ikedatoshihiko/workspace/btctrading_wk/offline/btctrading_offline_ver2_0/quantum_ai_algorithmic_trading/data/data_rolling/ETHUSDT_60_['ema', 'ema']_model.keras
2024-04-21 13:10:28,257 INFO: Saving scaler to /Users/ikedatoshihiko/workspace/btctrading_wk/offline/btctrading_offline_ver2_0/quantum_ai_algorithmic_trading/data/data_rolling/ETHUSDT_60_['ema', 'ema']_model.scaler
2024-04-21 13:12:06,363 INFO: Loading model from /Users/ikedatoshihiko/workspace/btctrading_wk/offline/btctrading_offline_ver2_0/quantum_ai_algorithmic_trading/data/data_rolling/ETHUSDT_60_['ema', 'ema']_model.keras
2024-04-21 13:12:06,952 INFO: Loading scaler from /Users/ikedatoshihiko/workspace/btctrading_wk/offline/btctrading_offline_ver2_0/quantum_ai_algorithmic_trading/data/data_rolling/ETHUSDT_60_['ema', 'ema']_model.scaler
2024-04-21 13:12:24,457 INFO: Loading model from /Users/ikedatoshihiko/workspace/btctrading_wk/offline/btctrading_offline_ver2_0/quantum_ai_algorithmic_trading/data/data_rolling/ETHUSDT_60_['ema', 'ema']_model.keras
2024-04-21 13:12:25,035 INFO: Loading scaler from /Users/ikedatoshihiko/workspace/btctrading_wk/offline/btctrading_offline_ver2_0/quantum_ai_algorithmic_trading/data/data_rolling/ETHUSDT_60_['ema', 'ema']_model.scaler
2024-04-24 16:30:08,747 INFO: Training for fold 1 ...
2024-04-24 16:32:26,023 INFO: Training for fold 2 ...
2024-04-24 16:34:46,401 INFO: Training for fold 3 ...
2024-04-24 16:37:11,360 INFO: Saving model to /Users/ikedatoshihiko/workspace/btctrading_wk/offline/btctrading_offline_ver2_0/quantum_ai_algorithmic_trading/data/data_rolling/BTCUSDT_30_['ema', 'ema']_model.keras
2024-04-24 16:37:11,461 INFO: Saving scaler to /Users/ikedatoshihiko/workspace/btctrading_wk/offline/btctrading_offline_ver2_0/quantum_ai_algorithmic_trading/data/data_rolling/BTCUSDT_30_['ema', 'ema']_model.scaler
2024-04-24 16:37:56,214 INFO: Loading model from /Users/ikedatoshihiko/workspace/btctrading_wk/offline/btctrading_offline_ver2_0/quantum_ai_algorithmic_trading/data/data_rolling/BTCUSDT_30_['ema', 'ema']_model.keras
2024-04-24 16:37:56,787 INFO: Loading scaler from /Users/ikedatoshihiko/workspace/btctrading_wk/offline/btctrading_offline_ver2_0/quantum_ai_algorithmic_trading/data/data_rolling/BTCUSDT_30_['ema', 'ema']_model.scaler
2024-04-24 16:38:23,670 INFO: Loading model from /Users/ikedatoshihiko/workspace/btctrading_wk/offline/btctrading_offline_ver2_0/quantum_ai_algorithmic_trading/data/data_rolling/BTCUSDT_30_['ema', 'ema']_model.keras
2024-04-24 16:38:24,230 INFO: Loading scaler from /Users/ikedatoshihiko/workspace/btctrading_wk/offline/btctrading_offline_ver2_0/quantum_ai_algorithmic_trading/data/data_rolling/BTCUSDT_30_['ema', 'ema']_model.scaler
2024-04-24 22:42:10,224 INFO: Training for fold 1 ...
2024-04-24 22:45:43,153 INFO: Training for fold 2 ...
2024-04-24 22:49:33,482 INFO: Training for fold 3 ...
2024-04-24 22:53:34,420 INFO: Saving model to /Users/ikedatoshihiko/workspace/btctrading_wk/offline/btctrading_offline_ver2_0/quantum_ai_algorithmic_trading/data/data_rolling/BTCUSDT_30_['close', 'ema']_model.keras
2024-04-24 22:53:34,600 INFO: Saving scaler to /Users/ikedatoshihiko/workspace/btctrading_wk/offline/btctrading_offline_ver2_0/quantum_ai_algorithmic_trading/data/data_rolling/BTCUSDT_30_['close', 'ema']_model.scaler
2024-04-25 08:06:13,632 INFO: Training for fold 1 ...
2024-04-25 08:08:30,107 INFO: Training for fold 2 ...
2024-04-25 08:10:45,659 INFO: Training for fold 3 ...
2024-04-25 08:13:02,237 INFO: Saving model to /Users/ikedatoshihiko/workspace/btctrading_wk/offline/btctrading_offline_ver2_0/quantum_ai_algorithmic_trading/data/data_rolling/ETHUSDT_30_['close', 'ema']_model.keras
2024-04-25 08:13:02,334 INFO: Saving scaler to /Users/ikedatoshihiko/workspace/btctrading_wk/offline/btctrading_offline_ver2_0/quantum_ai_algorithmic_trading/data/data_rolling/ETHUSDT_30_['close', 'ema']_model.scaler
2024-04-25 15:51:00,957 INFO: Training for fold 1 ...
2024-04-25 15:53:15,559 INFO: Training for fold 2 ...
2024-04-25 15:56:28,163 INFO: Training for fold 3 ...
2024-04-25 15:59:46,770 INFO: Saving model to /Users/ikedatoshihiko/workspace/btctrading_wk/offline/btctrading_offline_ver2_0/quantum_ai_algorithmic_trading/data/data_rolling/ETHUSDT_30_['close', 'ema']_model.keras
2024-04-25 15:59:46,963 INFO: Saving scaler to /Users/ikedatoshihiko/workspace/btctrading_wk/offline/btctrading_offline_ver2_0/quantum_ai_algorithmic_trading/data/data_rolling/ETHUSDT_30_['close', 'ema']_model.scaler
2024-04-25 20:52:50,066 INFO: Training for fold 1 ...
2024-04-26 17:22:28,205 INFO: Training for fold 1 ...
2024-04-26 17:35:16,895 INFO: Training for fold 2 ...
2024-04-26 17:40:05,375 INFO: Training for fold 3 ...
2024-04-26 17:44:20,602 INFO: Saving model to /Users/ikedatoshihiko/workspace/btctrading_wk/offline/btctrading_offline_ver2_0/quantum_ai_algorithmic_trading/data/data_rolling/ETHUSDT_30_['close', 'ema']_model.keras
2024-04-26 17:44:20,787 INFO: Saving scaler to /Users/ikedatoshihiko/workspace/btctrading_wk/offline/btctrading_offline_ver2_0/quantum_ai_algorithmic_trading/data/data_rolling/ETHUSDT_30_['close', 'ema']_model.scaler
2024-04-29 15:18:25,689 INFO: Training for fold 1 ...
2024-04-29 15:52:56,655 INFO: Training for fold 1 ...
2024-04-29 17:25:14,071 INFO: Training for fold 1 ...
2024-04-29 17:29:51,380 INFO: Training for fold 2 ...
2024-04-29 17:34:50,057 INFO: Training for fold 3 ...
2024-04-29 17:44:04,660 INFO: Saving model to /Users/ikedatoshihiko/workspace/btctrading_wk/offline/btctrading_offline_ver2_0/quantum_ai_algorithmic_trading/data/data_rolling/ETHUSDT_30_['ema', 'close']_model.keras
2024-04-29 17:44:04,802 INFO: Saving scaler to /Users/ikedatoshihiko/workspace/btctrading_wk/offline/btctrading_offline_ver2_0/quantum_ai_algorithmic_trading/data/data_rolling/ETHUSDT_30_['ema', 'close']_model.scaler
2024-04-29 19:58:36,315 INFO: Training for fold 1 ...
2024-04-29 20:19:11,418 INFO: Training for fold 1 ...
2024-04-29 20:23:18,433 INFO: Training for fold 2 ...
2024-04-29 20:27:41,841 INFO: Training for fold 3 ...
2024-04-29 20:32:28,409 INFO: Saving model to /Users/ikedatoshihiko/workspace/btctrading_wk/offline/btctrading_offline_ver2_0/quantum_ai_algorithmic_trading/data/data_rolling/ETHUSDT_30_['close', 'close']_model.keras
2024-04-29 20:32:28,571 INFO: Saving scaler to /Users/ikedatoshihiko/workspace/btctrading_wk/offline/btctrading_offline_ver2_0/quantum_ai_algorithmic_trading/data/data_rolling/ETHUSDT_30_['close', 'close']_model.scaler
2024-04-29 20:41:16,494 INFO: Training for fold 1 ...
2024-04-29 20:46:42,754 INFO: Training for fold 2 ...
2024-04-29 20:51:38,368 INFO: Training for fold 3 ...
2024-04-29 20:57:07,648 INFO: Saving model to /Users/ikedatoshihiko/workspace/btctrading_wk/offline/btctrading_offline_ver2_0/quantum_ai_algorithmic_trading/data/data_rolling/ETHUSDT_30_['ema', 'ema']_model.keras
2024-04-29 20:57:07,868 INFO: Saving scaler to /Users/ikedatoshihiko/workspace/btctrading_wk/offline/btctrading_offline_ver2_0/quantum_ai_algorithmic_trading/data/data_rolling/ETHUSDT_30_['ema', 'ema']_model.scaler
2024-04-29 21:35:44,293 INFO: Training for fold 1 ...
2024-04-29 21:36:26,802 INFO: Training for fold 2 ...
2024-04-29 21:37:01,764 INFO: Training for fold 3 ...
2024-04-29 21:37:37,628 INFO: Saving model to /Users/ikedatoshihiko/workspace/btctrading_wk/offline/btctrading_offline_ver2_0/quantum_ai_algorithmic_trading/data/data_rolling/ETHUSDT_240_['close', 'ema']_model.keras
2024-04-29 21:37:37,768 INFO: Saving scaler to /Users/ikedatoshihiko/workspace/btctrading_wk/offline/btctrading_offline_ver2_0/quantum_ai_algorithmic_trading/data/data_rolling/ETHUSDT_240_['close', 'ema']_model.scaler
2024-04-30 01:58:14,189 INFO: Training for fold 1 ...
2024-04-30 02:01:46,950 INFO: Training for fold 1 ...
2024-04-30 02:07:58,140 INFO: Training for fold 1 ...
2024-04-30 02:15:49,711 INFO: Training for fold 2 ...
2024-04-30 02:25:43,567 INFO: Saving model to /Users/ikedatoshihiko/workspace/btctrading_wk/offline/btctrading_offline_ver2_0/quantum_ai_algorithmic_trading/data/data_rolling/ETHUSDT_60_['close', 'close']_model.keras
2024-04-30 02:25:43,785 INFO: Saving scaler to /Users/ikedatoshihiko/workspace/btctrading_wk/offline/btctrading_offline_ver2_0/quantum_ai_algorithmic_trading/data/data_rolling/ETHUSDT_60_['close', 'close']_model.scaler
2024-04-30 12:51:01,124 INFO: Training for fold 1 ...
2024-04-30 13:01:58,655 INFO: Training for fold 2 ...
2024-04-30 13:12:59,298 INFO: Saving model to /Users/ikedatoshihiko/workspace/btctrading_wk/offline/btctrading_offline_ver2_0/quantum_ai_algorithmic_trading/data/data_rolling/ETHUSDT_30_['close', 'ema']_model.keras
2024-04-30 13:12:59,434 INFO: Saving scaler to /Users/ikedatoshihiko/workspace/btctrading_wk/offline/btctrading_offline_ver2_0/quantum_ai_algorithmic_trading/data/data_rolling/ETHUSDT_30_['close', 'ema']_model.scaler
2024-04-30 14:03:19,901 INFO: Training for fold 1 ...
2024-04-30 14:06:05,946 INFO: Training for fold 2 ...
2024-04-30 14:09:32,872 INFO: Saving model to /Users/ikedatoshihiko/workspace/btctrading_wk/offline/btctrading_offline_ver2_0/quantum_ai_algorithmic_trading/data/data_rolling/ETHUSDT_30_['ema', 'ema']_model.keras
2024-04-30 14:09:32,985 INFO: Saving scaler to /Users/ikedatoshihiko/workspace/btctrading_wk/offline/btctrading_offline_ver2_0/quantum_ai_algorithmic_trading/data/data_rolling/ETHUSDT_30_['ema', 'ema']_model.scaler
2024-04-30 14:16:21,803 INFO: Training for fold 1 ...
2024-04-30 14:19:18,163 INFO: Training for fold 2 ...
2024-04-30 14:24:14,738 INFO: Saving model to /Users/ikedatoshihiko/workspace/btctrading_wk/offline/btctrading_offline_ver2_0/quantum_ai_algorithmic_trading/data/data_rolling/ETHUSDT_30_['close', 'close']_model.keras
2024-04-30 14:24:14,949 INFO: Saving scaler to /Users/ikedatoshihiko/workspace/btctrading_wk/offline/btctrading_offline_ver2_0/quantum_ai_algorithmic_trading/data/data_rolling/ETHUSDT_30_['close', 'close']_model.scaler
2024-04-30 14:56:18,236 INFO: Training for fold 1 ...
2024-04-30 15:02:37,535 INFO: Training for fold 2 ...
2024-04-30 15:09:08,657 INFO: Saving model to /Users/ikedatoshihiko/workspace/btctrading_wk/offline/btctrading_offline_ver2_0/quantum_ai_algorithmic_trading/data/data_rolling/ETHUSDT_30_['close', 'ema']_model.keras
2024-04-30 15:09:08,894 INFO: Saving scaler to /Users/ikedatoshihiko/workspace/btctrading_wk/offline/btctrading_offline_ver2_0/quantum_ai_algorithmic_trading/data/data_rolling/ETHUSDT_30_['close', 'ema']_model.scaler
2024-05-01 10:37:08,483 INFO: Training for fold 1 ...
2024-05-01 10:43:09,293 INFO: Training for fold 2 ...
2024-05-01 10:48:54,401 INFO: Saving model to /Users/ikedatoshihiko/workspace/btctrading_wk/offline/btctrading_offline_ver2_0/AI_DayTrading/data/data_rolling/ETHUSDT_15_['close', 'ema']_model.keras
2024-05-01 10:48:54,628 INFO: Saving scaler to /Users/ikedatoshihiko/workspace/btctrading_wk/offline/btctrading_offline_ver2_0/AI_DayTrading/data/data_rolling/ETHUSDT_15_['close', 'ema']_model.scaler
2024-05-01 21:36:08,190 INFO: Training for fold 1 ...
2024-05-01 21:37:58,359 INFO: FileNotFoundError: [Errno 2] No such file or directory: '/Users/ikedatoshihiko/workspace/btctrading_wk/offline/btctrading_offline_ver2_0/AI_DayTrading/data/data_ml/BTCUSDT_20210101000_20230901000_60_price_upper_mlts.csv'
2024-05-01 21:53:15,994 INFO: Training for fold 1 ...
2024-05-01 21:59:50,227 INFO: Training for fold 1 ...
2024-05-01 22:02:14,109 INFO: Training for fold 1 ...
2024-05-01 22:11:09,719 INFO: Training for fold 1 ...
2024-05-01 22:11:44,299 INFO: Training for fold 2 ...
2024-05-01 22:20:44,276 INFO: Training for fold 1 ...
2024-05-01 22:21:27,276 INFO: Training for fold 2 ...
2024-05-02 01:08:58,379 INFO: Training for fold 1 ...
2024-05-02 01:10:02,554 INFO: Training for fold 2 ...
2024-05-02 01:41:00,699 INFO: Training for fold 1 ...
2024-05-02 01:41:58,230 INFO: Training for fold 2 ...
