trading_log aggregated and purged. 41516 rows.
        serial                date                                            message
0      1453136 2024-04-17 04:00:00                                      Prediction: 1
1      1453137 2024-04-17 04:00:00  Entry: LONG, pred:1, entry_price3081.906459999...
2      1453138 2024-04-17 04:00:00                        go to EntryPreparationState
3      1453139 2024-04-17 04:00:00                     ボリンジャーバンドに触れた。エントリー準備状態に遷移します。
4      1453140 2024-04-17 05:00:00                         Cancel: 12191, LONG_CANCEL
...        ...                 ...                                                ...
41511  1494647 2023-09-05 10:00:00                                    go to IdleState
41512  1494648 2023-09-05 10:00:00                             ポジションを売却。アイドル状態に遷移します。
41513  1494649 2023-09-05 11:00:00                                      Prediction: 1
41514  1494650 2023-09-05 11:00:00                        Entry Preparation: No Entry
41515  1494651 2023-09-05 11:00:00                                    go to IdleState

[41516 rows x 3 columns]
account_log aggregated and purged. 3678 rows.
      serial                date      cash_in  cash_out       amount  startup_flag
0      24362 2024-04-17 04:00:00     0.000000    1000.0     0.000000             1
1      24363 2024-04-17 05:00:00  1000.000000       0.0  1000.000000             0
2      24364 2024-04-17 06:00:00     0.000000    1000.0     0.000000             0
3      24365 2024-04-17 08:00:00   976.163475       0.0   976.163475             0
4      24366 2023-01-02 22:00:00     0.000000    1000.0     0.000000             1
...      ...                 ...          ...       ...          ...           ...
3673   28035 2023-09-05 01:00:00   998.971811       0.0  2838.563462             0
3674   28036 2023-09-05 04:00:00     0.000000    1000.0  1838.563462             0
3675   28037 2023-09-05 06:00:00   991.149797       0.0  2829.713259             0
3676   28038 2023-09-05 07:00:00     0.000000    1000.0  1829.713259             0
3677   28039 2023-09-05 09:00:00   995.648497       0.0  2825.361756             0

[3678 rows x 6 columns]
fxtransaction_log aggregated and purged. 1839 rows.
      serial  init_equity       equity  leverage  ...           entrytime            exittime  direction  startup_flag
0      12191  1000.000000  1000.000000       3.0  ... 2024-04-17 04:00:00 2024-04-17 05:00:00      upper             1
1      12192  1000.000000   976.163475       3.0  ... 2024-04-17 06:00:00 2024-04-17 08:00:00      upper             0
2      12193  1000.000000   994.230000       3.0  ... 2023-01-02 22:00:00 2023-01-03 00:00:00      upper             1
3      12194   994.230000   996.253957       3.0  ... 2023-01-03 01:00:00 2023-01-03 03:00:00      upper             0
4      12195   996.253957  1007.733519       3.0  ... 2023-01-04 15:00:00 2023-01-04 17:00:00      upper             0
...      ...          ...          ...       ...  ...                 ...                 ...        ...           ...
1834   14025  1000.000000  1004.429288       3.0  ... 2023-09-04 15:00:00 2023-09-04 17:00:00      upper             0
1835   14026  1000.000000   996.955502       3.0  ... 2023-09-04 18:00:00 2023-09-04 20:00:00      upper             0
1836   14027  1000.000000   998.971811       3.0  ... 2023-09-04 23:00:00 2023-09-05 01:00:00      upper             0
1837   14028  1000.000000   991.149797       3.0  ... 2023-09-05 04:00:00 2023-09-05 06:00:00      upper             0
1838   14029  1000.000000   995.648497       3.0  ... 2023-09-05 07:00:00 2023-09-05 09:00:00      upper             0

[1839 rows x 19 columns]
trading_log aggregated and purged. 7150 rows.
       serial                date                      message
0     1494678 2023-01-01 01:00:00                Prediction: 0
1     1494679 2023-01-01 01:00:00  Entry Preparation: No Entry
2     1494680 2023-01-01 01:00:00              go to IdleState
3     1494681 2023-01-01 01:00:00       ポジションを売却。アイドル状態に遷移します。
4     1494682 2023-01-01 02:00:00                Prediction: 0
...       ...                 ...                          ...
7145  1501823 2023-03-08 03:00:00                Prediction: 1
7146  1501824 2023-03-08 03:00:00  Entry Preparation: No Entry
7147  1501825 2023-03-08 03:00:00              go to IdleState
7148  1501826 2023-03-08 03:00:00       ポジションを売却。アイドル状態に遷移します。
7149  1501827 2023-03-08 04:00:00                Prediction: 1

[7150 rows x 3 columns]
account_log aggregated and purged. 434 rows.
     serial                date      cash_in     cash_out       amount  startup_flag
0     28047 2023-01-02 22:00:00     0.000000  1000.000000     0.000000             1
1     28048 2023-01-03 00:00:00   993.601089     0.000000   993.601089             0
2     28049 2023-01-03 01:00:00     0.000000   993.601089     0.000000             0
3     28050 2023-01-03 03:00:00   995.627121     0.000000   995.627121             0
4     28051 2023-01-04 15:00:00     0.000000   995.627121     0.000000             0
..      ...                 ...          ...          ...          ...           ...
429   28476 2023-03-06 10:00:00   997.855974     0.000000  1555.862089             0
430   28477 2023-03-07 15:00:00     0.000000  1000.000000   555.862089             0
431   28478 2023-03-07 17:00:00  1024.548468     0.000000  1580.410558             0
432   28479 2023-03-07 23:00:00     0.000000  1000.000000   580.410558             0
433   28480 2023-03-08 00:00:00   981.679431     0.000000  1562.089989             0

[434 rows x 6 columns]
fxtransaction_log aggregated and purged. 217 rows.
     serial  init_equity       equity  leverage  ...           entrytime            exittime  direction  startup_flag
0     14050  1000.000000   993.601089       3.0  ... 2023-01-02 22:00:00 2023-01-03 00:00:00      upper             1
1     14051   993.601089   995.627121       3.0  ... 2023-01-03 01:00:00 2023-01-03 03:00:00      upper             0
2     14052   995.627121  1007.047222       3.0  ... 2023-01-04 15:00:00 2023-01-04 17:00:00      upper             0
3     14053  1000.000000   981.713667       3.0  ... 2023-01-04 19:00:00 2023-01-04 20:00:00      upper             0
4     14054   988.760889   990.385985       3.0  ... 2023-01-04 21:00:00 2023-01-04 23:00:00      upper             0
..      ...          ...          ...       ...  ...                 ...                 ...        ...           ...
212   14262  1000.000000  1000.008179       3.0  ... 2023-03-05 21:00:00 2023-03-05 23:00:00      upper             0
213   14263  1000.000000  1013.926271       3.0  ... 2023-03-06 01:00:00 2023-03-06 03:00:00      upper             0
214   14264  1000.000000   997.855974       3.0  ... 2023-03-06 08:00:00 2023-03-06 10:00:00      upper             0
215   14265  1000.000000  1024.548468       3.0  ... 2023-03-07 15:00:00 2023-03-07 17:00:00      upper             0
216   14266  1000.000000   981.679431       3.0  ... 2023-03-07 23:00:00 2023-03-08 00:00:00      upper             0

[217 rows x 19 columns]
